#
# There is insufficient memory for the Java Runtime Environment to continue.
# Native memory allocation (mmap) failed to map 65536 bytes for Failed to commit metaspace.
# Possible reasons:
#   The system is out of physical RAM or swap space
#   The process is running with CompressedOops enabled, and the Java Heap may be blocking the growth of the native heap
# Possible solutions:
#   Reduce memory load on the system
#   Increase physical memory or swap space
#   Check if swap backing store is full
#   Decrease Java heap size (-Xmx/-Xms)
#   Decrease number of Java threads
#   Decrease Java thread stack sizes (-Xss)
#   Set larger code cache with -XX:ReservedCodeCacheSize=
#   JVM is running with Zero Based Compressed Oops mode in which the Java heap is
#     placed in the first 32GB address space. The Java Heap base address is the
#     maximum limit for the native heap growth. Please use -XX:HeapBaseMinAddress
#     to set the Java Heap base and to place the Java Heap above 32GB virtual address.
# This output file may be truncated or incomplete.
#
#  Out of Memory Error (virtualSpaceNode.cpp:110), pid=4840, tid=15524
#
# JRE version: OpenJDK Runtime Environment JBR-17.0.10+7-1000.50-jcef (17.0.10+7) (build 17.0.10+7-b1000.50)
# Java VM: OpenJDK 64-Bit Server VM JBR-17.0.10+7-1000.50-jcef (17.0.10+7-b1000.50, mixed mode, emulated-client, tiered, compressed oops, compressed class ptrs, g1 gc, windows-amd64)
# No core dump will be written. Minidumps are not enabled by default on client versions of Windows
#

---------------  S U M M A R Y ------------

Command Line: -XX:TieredStopAtLevel=1 -Dspring.output.ansi.enabled=always -Dcom.sun.management.jmxremote -Dspring.jmx.enabled=true -Dspring.liveBeansView.mbeanDomain -Dspring.application.admin.enabled=true -Dmanagement.endpoints.jmx.exposure.include=* -javaagent:C:\Program Files\JetBrains\IntelliJ IDEA 2023.2\lib\idea_rt.jar=6922:C:\Program Files\JetBrains\IntelliJ IDEA 2023.2\bin -Dfile.encoding=UTF-8 com.universityofruhuna.mmSystem.MmSystemApplication

Host: Intel(R) Core(TM) i3-7100U CPU @ 2.40GHz, 4 cores, 11G,  Windows 10 , 64 bit Build 19041 (10.0.19041.3636)
Time: Thu Jun 27 19:16:41 2024 Sri Lanka Standard Time elapsed time: 11.571255 seconds (0d 0h 0m 11s)

---------------  T H R E A D  ---------------

Current thread (0x000002247e3317b0):  JavaThread "restartedMain" [_thread_in_vm, id=15524, stack(0x000000a589f00000,0x000000a58a000000)]

Stack: [0x000000a589f00000,0x000000a58a000000]
Native frames: (J=compiled Java code, j=interpreted, Vv=VM code, C=native code)
V  [jvm.dll+0x688a29]
V  [jvm.dll+0x84216a]
V  [jvm.dll+0x843dae]
V  [jvm.dll+0x844413]
V  [jvm.dll+0x24ba8f]
V  [jvm.dll+0x83d14b]
V  [jvm.dll+0x62d0e6]
V  [jvm.dll+0x1c284e]
V  [jvm.dll+0x62fa41]
V  [jvm.dll+0x62da86]
V  [jvm.dll+0x23f74f]
V  [jvm.dll+0x637935]
V  [jvm.dll+0x1eea1b]
V  [jvm.dll+0x1eef55]
V  [jvm.dll+0x1ef8f5]
V  [jvm.dll+0x1e4d8c]
V  [jvm.dll+0x54d98c]
V  [jvm.dll+0x7bb545]
V  [jvm.dll+0x7bb65e]
V  [jvm.dll+0x415eea]
V  [jvm.dll+0x41c089]
C  [java.dll+0x17ec]

Java frames: (J=compiled Java code, j=interpreted, Vv=VM code)
J 1160  java.lang.ClassLoader.defineClass1(Ljava/lang/ClassLoader;Ljava/lang/String;[BIILjava/security/ProtectionDomain;Ljava/lang/String;)Ljava/lang/Class; java.base@17.0.10 (0 bytes) @ 0x0000022470fa4f63 [0x0000022470fa4ea0+0x00000000000000c3]
J 1168 c1 java.lang.ClassLoader.defineClass(Ljava/lang/String;[BIILjava/security/ProtectionDomain;)Ljava/lang/Class; java.base@17.0.10 (43 bytes) @ 0x0000022470faa5ec [0x0000022470faa4e0+0x000000000000010c]
J 1172 c1 jdk.internal.loader.BuiltinClassLoader.defineClass(Ljava/lang/String;Ljdk/internal/loader/Resource;)Ljava/lang/Class; java.base@17.0.10 (121 bytes) @ 0x0000022470facdf4 [0x0000022470fac920+0x00000000000004d4]
J 1162 c1 jdk.internal.loader.BuiltinClassLoader.findClassOnClassPathOrNull(Ljava/lang/String;)Ljava/lang/Class; java.base@17.0.10 (64 bytes) @ 0x0000022470fa8c6c [0x0000022470fa89a0+0x00000000000002cc]
J 958 c1 jdk.internal.loader.BuiltinClassLoader.loadClassOrNull(Ljava/lang/String;Z)Ljava/lang/Class; java.base@17.0.10 (143 bytes) @ 0x0000022470f46e84 [0x0000022470f46a00+0x0000000000000484]
J 1071 c1 jdk.internal.loader.ClassLoaders$AppClassLoader.loadClass(Ljava/lang/String;Z)Ljava/lang/Class; java.base@17.0.10 (40 bytes) @ 0x0000022470f800ac [0x0000022470f7ff60+0x000000000000014c]
J 1059 c1 java.lang.ClassLoader.loadClass(Ljava/lang/String;)Ljava/lang/Class; java.base@17.0.10 (7 bytes) @ 0x0000022470f796e4 [0x0000022470f796a0+0x0000000000000044]
v  ~StubRoutines::call_stub
j  org.hibernate.boot.model.internal.EntityBinder.bindTable(Ljava/lang/String;Ljava/lang/String;Ljava/lang/String;[Ljakarta/persistence/UniqueConstraint;Ljava/lang/String;Ljava/lang/String;Lorg/hibernate/boot/spi/InFlightMetadataCollector$EntityTableXref;)V+84
j  org.hibernate.boot.model.internal.EntityBinder.createTable(Lorg/hibernate/boot/model/internal/InheritanceState;Lorg/hibernate/mapping/PersistentClass;Ljava/lang/String;Ljava/lang/String;Ljava/lang/String;[Ljakarta/persistence/UniqueConstraint;Lorg/hibernate/boot/spi/InFlightMetadataCollector;)V+94
j  org.hibernate.boot.model.internal.EntityBinder.handleClassTable(Lorg/hibernate/boot/model/internal/InheritanceState;Lorg/hibernate/mapping/PersistentClass;)V+119
j  org.hibernate.boot.model.internal.EntityBinder.bindEntityClass(Lorg/hibernate/annotations/common/reflection/XClass;Ljava/util/Map;Ljava/util/Map;Lorg/hibernate/boot/spi/MetadataBuildingContext;)V+89
j  org.hibernate.boot.model.internal.AnnotationBinder.bindClass(Lorg/hibernate/annotations/common/reflection/XClass;Ljava/util/Map;Lorg/hibernate/boot/spi/MetadataBuildingContext;)V+72
j  org.hibernate.boot.model.source.internal.annotations.AnnotationMetadataSourceProcessorImpl.processEntityHierarchies(Ljava/util/Set;)V+84
j  org.hibernate.boot.model.process.spi.MetadataBuildingProcess$1.processEntityHierarchies(Ljava/util/Set;)V+63
j  org.hibernate.boot.model.process.spi.MetadataBuildingProcess.complete(Lorg/hibernate/boot/model/process/spi/ManagedResources;Lorg/hibernate/boot/spi/BootstrapContext;Lorg/hibernate/boot/spi/MetadataBuildingOptions;)Lorg/hibernate/boot/spi/MetadataImplementor;+173
j  org.hibernate.jpa.boot.internal.EntityManagerFactoryBuilderImpl.metadata()Lorg/hibernate/boot/spi/MetadataImplementor;+30
j  org.hibernate.jpa.boot.internal.EntityManagerFactoryBuilderImpl.build()Ljakarta/persistence/EntityManagerFactory;+3
j  org.springframework.orm.jpa.vendor.SpringHibernateJpaPersistenceProvider.createContainerEntityManagerFactory(Ljakarta/persistence/spi/PersistenceUnitInfo;Ljava/util/Map;)Ljakarta/persistence/EntityManagerFactory;+59
j  org.springframework.orm.jpa.LocalContainerEntityManagerFactoryBean.createNativeEntityManagerFactory()Ljakarta/persistence/EntityManagerFactory;+111
j  org.springframework.orm.jpa.AbstractEntityManagerFactoryBean.buildNativeEntityManagerFactory()Ljakarta/persistence/EntityManagerFactory;+1
j  org.springframework.orm.jpa.AbstractEntityManagerFactoryBean.afterPropertiesSet()V+192
j  org.springframework.orm.jpa.LocalContainerEntityManagerFactoryBean.afterPropertiesSet()V+84
j  org.springframework.beans.factory.support.AbstractAutowireCapableBeanFactory.invokeInitMethods(Ljava/lang/String;Ljava/lang/Object;Lorg/springframework/beans/factory/support/RootBeanDefinition;)V+56
j  org.springframework.beans.factory.support.AbstractAutowireCapableBeanFactory.initializeBean(Ljava/lang/String;Ljava/lang/Object;Lorg/springframework/beans/factory/support/RootBeanDefinition;)Ljava/lang/Object;+34
j  org.springframework.beans.factory.support.AbstractAutowireCapableBeanFactory.doCreateBean(Ljava/lang/String;Lorg/springframework/beans/factory/support/RootBeanDefinition;[Ljava/lang/Object;)Ljava/lang/Object;+228
j  org.springframework.beans.factory.support.AbstractAutowireCapableBeanFactory.createBean(Ljava/lang/String;Lorg/springframework/beans/factory/support/RootBeanDefinition;[Ljava/lang/Object;)Ljava/lang/Object;+153
j  org.springframework.beans.factory.support.AbstractBeanFactory.lambda$doGetBean$0(Ljava/lang/String;Lorg/springframework/beans/factory/support/RootBeanDefinition;[Ljava/lang/Object;)Ljava/lang/Object;+4
j  org.springframework.beans.factory.support.AbstractBeanFactory$$Lambda$338+0x00000008003148d0.getObject()Ljava/lang/Object;+16
j  org.springframework.beans.factory.support.DefaultSingletonBeanRegistry.getSingleton(Ljava/lang/String;Lorg/springframework/beans/factory/ObjectFactory;)Ljava/lang/Object;+114
J 2896 c1 org.springframework.beans.factory.support.AbstractBeanFactory.doGetBean(Ljava/lang/String;Ljava/lang/Class;[Ljava/lang/Object;Z)Ljava/lang/Object; (740 bytes) @ 0x000002247127210c [0x0000022471271b00+0x000000000000060c]
j  org.springframework.beans.factory.support.AbstractBeanFactory.getBean(Ljava/lang/String;)Ljava/lang/Object;+5
j  org.springframework.context.support.AbstractApplicationContext.getBean(Ljava/lang/String;)Ljava/lang/Object;+9
j  org.springframework.context.support.AbstractApplicationContext.finishBeanFactoryInitialization(Lorg/springframework/beans/factory/config/ConfigurableListableBeanFactory;)V+106
j  org.springframework.context.support.AbstractApplicationContext.refresh()V+94
j  org.springframework.boot.web.servlet.context.ServletWebServerApplicationContext.refresh()V+1
j  org.springframework.boot.SpringApplication.refresh(Lorg/springframework/context/ConfigurableApplicationContext;)V+1
j  org.springframework.boot.SpringApplication.refreshContext(Lorg/springframework/context/ConfigurableApplicationContext;)V+16
j  org.springframework.boot.SpringApplication.run([Ljava/lang/String;)Lorg/springframework/context/ConfigurableApplicationContext;+110
j  org.springframework.boot.SpringApplication.run([Ljava/lang/Class;[Ljava/lang/String;)Lorg/springframework/context/ConfigurableApplicationContext;+9
j  org.springframework.boot.SpringApplication.run(Ljava/lang/Class;[Ljava/lang/String;)Lorg/springframework/context/ConfigurableApplicationContext;+9
j  com.universityofruhuna.mmSystem.MmSystemApplication.main([Ljava/lang/String;)V+3
v  ~StubRoutines::call_stub
j  jdk.internal.reflect.NativeMethodAccessorImpl.invoke0(Ljava/lang/reflect/Method;Ljava/lang/Object;[Ljava/lang/Object;)Ljava/lang/Object;+0 java.base@17.0.10
j  jdk.internal.reflect.NativeMethodAccessorImpl.invoke(Ljava/lang/Object;[Ljava/lang/Object;)Ljava/lang/Object;+133 java.base@17.0.10
j  jdk.internal.reflect.DelegatingMethodAccessorImpl.invoke(Ljava/lang/Object;[Ljava/lang/Object;)Ljava/lang/Object;+6 java.base@17.0.10
j  java.lang.reflect.Method.invoke(Ljava/lang/Object;[Ljava/lang/Object;)Ljava/lang/Object;+59 java.base@17.0.10
j  org.springframework.boot.devtools.restart.RestartLauncher.run()V+47
v  ~StubRoutines::call_stub

Compiled method (n/a)   11632 1160     n 0       java.lang.ClassLoader::defineClass1 (native)
 total in heap  [0x0000022470fa4d10,0x0000022470fa51f0] = 1248
 relocation     [0x0000022470fa4e68,0x0000022470fa4ea0] = 56
 main code      [0x0000022470fa4ea0,0x0000022470fa51f0] = 848

[Constant Pool (empty)]

[MachCode]
[Entry Point]
  # {method} {0x0000022400024f38} 'defineClass1' '(Ljava/lang/ClassLoader;Ljava/lang/String;[BIILjava/security/ProtectionDomain;Ljava/lang/String;)Ljava/lang/Class;' in 'java/lang/ClassLoader'
  # parm0:    rdx:rdx   = 'java/lang/ClassLoader'
  # parm1:    r8:r8     = 'java/lang/String'
  # parm2:    r9:r9     = '[B'
  # parm3:    rdi       = int
  # parm4:    rsi       = int
  # parm5:    rcx:rcx   = 'java/security/ProtectionDomain'
  # parm6:    [sp+0xa0]   = 'java/lang/String'  (sp of caller)
  0x0000022470fa4ea0: 448b 5208 | 49bb 0000 | 0000 0800 | 0000 4d03 | d349 3bc2 | 0f84 0600 

  0x0000022470fa4eb8: ;   {runtime_call ic_miss_stub}
  0x0000022470fa4eb8: 0000 e9c1 | c1c7 ff90 
[Verified Entry Point]
  0x0000022470fa4ec0: 8984 2400 | 90ff ff55 | 488b ec48 | 81ec 9000 | 0000 4881 | 7d10 0000 | 0000 488d | 4510 480f 
  0x0000022470fa4ee0: 4445 1048 | 8944 2440 | 4889 4c24 | 7048 83f9 | 0048 8d44 | 2470 480f | 4444 2470 | 4889 4424 
  0x0000022470fa4f00: 3848 8974 | 2430 4889 | 7c24 284c | 894c 2458 | 4983 f900 | 488d 4424 | 5848 0f44 | 4424 5848 
  0x0000022470fa4f20: 8944 2420 | 4c89 4424 | 5049 83f8 | 004c 8d4c | 2450 4c0f | 444c 2450 | 4889 5424 | 4848 83fa 
  0x0000022470fa4f40: 004c 8d44 | 2448 4c0f | 4444 2448 

  0x0000022470fa4f4c: ;   {oop(a 'java/lang/Class'{0x000000074251d020} = 'java/lang/ClassLoader')}
  0x0000022470fa4f4c: 49be 20d0 | 5142 0700 | 0000 4c89 | 7424 784c | 8d74 2478 | 498b d6c5 

  0x0000022470fa4f64: ;   {internal_word}
  0x0000022470fa4f64: f877 49ba | 634f fa70 | 2402 0000 | 4d89 97a0 | 0200 0049 | 89a7 9802 

  0x0000022470fa4f7c: ;   {external_word}
  0x0000022470fa4f7c: 0000 49ba | 8839 e005 | fd7f 0000 | 4180 3a00 | 0f84 5200 | 0000 5241 

  0x0000022470fa4f94: ;   {metadata({method} {0x0000022400024f38} 'defineClass1' '(Ljava/lang/ClassLoader;Ljava/lang/String;[BIILjava/security/ProtectionDomain;Ljava/lang/String;)Ljava/lang/Class;' in 'java/lang/ClassLoader')}
  0x0000022470fa4f94: 5041 5148 | ba30 4f02 | 0024 0200 | 0049 8bcf | 4883 ec20 | f7c4 0f00 | 0000 0f84 | 1a00 0000 
  0x0000022470fa4fb4: 4883 ec08 

  0x0000022470fa4fb8: ;   {runtime_call}
  0x0000022470fa4fb8: 49ba d0f0 | 9505 fd7f | 0000 41ff | d248 83c4 | 08e9 0d00 

  0x0000022470fa4fcc: ;   {runtime_call}
  0x0000022470fa4fcc: 0000 49ba | d0f0 9505 | fd7f 0000 | 41ff d248 | 83c4 2041 | 5941 585a | 498d 8fb8 | 0200 0041 
  0x0000022470fa4fec: c787 4803 | 0000 0400 

  0x0000022470fa4ff4: ;   {runtime_call}
  0x0000022470fa4ff4: 0000 49ba | ac16 4044 | fd7f 0000 | 41ff d2c5 | f877 41c7 | 8748 0300 | 0005 0000 | 00f0 8344 
  0x0000022470fa5014: 24c0 0049 | 3baf 5003 | 0000 0f87 | 1100 0000 | 4181 bf38 | 0300 0000 | 0000 000f | 842c 0000 
  0x0000022470fa5034: 00c5 f877 | 4889 45f8 | 498b cf4c | 8be4 4883 | ec20 4883 

  0x0000022470fa5048: ;   {runtime_call}
  0x0000022470fa5048: e4f0 49ba | a00e a605 | fd7f 0000 | 41ff d249 | 8be4 4d33 | e448 8b45 | f841 c787 | 4803 0000 
  0x0000022470fa5068: 0800 0000 | 4181 bfb8 | 0300 0002 | 0000 000f | 843f 0100 

  0x0000022470fa507c: ;   {external_word}
  0x0000022470fa507c: 0049 ba88 | 39e0 05fd | 7f00 0041 | 803a 000f | 8450 0000 | 0048 8945 

  0x0000022470fa5094: ;   {metadata({method} {0x0000022400024f38} 'defineClass1' '(Ljava/lang/ClassLoader;Ljava/lang/String;[BIILjava/security/ProtectionDomain;Ljava/lang/String;)Ljava/lang/Class;' in 'java/lang/ClassLoader')}
  0x0000022470fa5094: f848 ba30 | 4f02 0024 | 0200 0049 | 8bcf 4883 | ec20 f7c4 | 0f00 0000 | 0f84 1a00 | 0000 4883 
  0x0000022470fa50b4: ;   {runtime_call}
  0x0000022470fa50b4: ec08 49ba | d0f0 9505 | fd7f 0000 | 41ff d248 | 83c4 08e9 | 0d00 0000 

  0x0000022470fa50cc: ;   {runtime_call}
  0x0000022470fa50cc: 49ba d0f0 | 9505 fd7f | 0000 41ff | d248 83c4 | 2048 8b45 | f849 c787 | 9802 0000 | 0000 0000 
  0x0000022470fa50ec: 49c7 87a0 | 0200 0000 | 0000 00c5 | f877 4885 | c00f 8493 | 0000 0048 | f7c0 0100 | 0000 0f84 
  0x0000022470fa510c: 8300 0000 | 488b 40ff | 4180 7f38 | 000f 846f | 0000 0048 | 83f8 000f | 8465 0000 | 0049 8b4f 
  0x0000022470fa512c: 2048 83f9 | 000f 8414 | 0000 0048 | 83e9 0849 | 894f 2049 | 034f 3048 | 8901 e943 | 0000 0050 
  0x0000022470fa514c: 498b d748 | 8bc8 4883 | ec20 f7c4 | 0f00 0000 | 0f84 1a00 | 0000 4883 

  0x0000022470fa5164: ;   {runtime_call}
  0x0000022470fa5164: ec08 49ba | d08b 5405 | fd7f 0000 | 41ff d248 | 83c4 08e9 | 0d00 0000 

  0x0000022470fa517c: ;   {runtime_call}
  0x0000022470fa517c: 49ba d08b | 5405 fd7f | 0000 41ff | d248 83c4 | 2058 e903 | 0000 0048 | 8b00 498b | 8fd8 0000 
  0x0000022470fa519c: 00c7 8100 | 0100 0000 | 0000 00c9 | 4981 7f08 | 0000 0000 | 0f85 0100 

  0x0000022470fa51b4: ;   {runtime_call StubRoutines (1)}
  0x0000022470fa51b4: 0000 c3e9 | 44bd c2ff | c5f8 7748 | 8945 f84c | 8be4 4883 | ec20 4883 

  0x0000022470fa51cc: ;   {runtime_call}
  0x0000022470fa51cc: e4f0 49ba | 5021 9605 | fd7f 0000 | 41ff d249 | 8be4 4d33 | e448 8b45 | f8e9 93fe | ffff f4f4 
  0x0000022470fa51ec: f4f4 f4f4 
[/MachCode]


Compiled method (c1)   11650 1168       1       java.lang.ClassLoader::defineClass (43 bytes)
 total in heap  [0x0000022470faa310,0x0000022470faa8b0] = 1440
 relocation     [0x0000022470faa468,0x0000022470faa4c8] = 96
 main code      [0x0000022470faa4e0,0x0000022470faa680] = 416
 stub code      [0x0000022470faa680,0x0000022470faa6f8] = 120
 metadata       [0x0000022470faa6f8,0x0000022470faa728] = 48
 scopes data    [0x0000022470faa728,0x0000022470faa7e0] = 184
 scopes pcs     [0x0000022470faa7e0,0x0000022470faa880] = 160
 dependencies   [0x0000022470faa880,0x0000022470faa888] = 8
 nul chk table  [0x0000022470faa888,0x0000022470faa8b0] = 40

[Constant Pool (empty)]

[MachCode]
[Entry Point]
  # {method} {0x0000022400024d18} 'defineClass' '(Ljava/lang/String;[BIILjava/security/ProtectionDomain;)Ljava/lang/Class;' in 'java/lang/ClassLoader'
  # this:     rdx:rdx   = 'java/lang/ClassLoader'
  # parm0:    r8:r8     = 'java/lang/String'
  # parm1:    r9:r9     = '[B'
  # parm2:    rdi       = int
  # parm3:    rsi       = int
  # parm4:    rcx:rcx   = 'java/security/ProtectionDomain'
  #           [sp+0xc0]  (sp of caller)
  0x0000022470faa4e0: 448b 5208 | 49bb 0000 | 0000 0800 | 0000 4d03 | d34c 3bd0 

  0x0000022470faa4f4: ;   {runtime_call ic_miss_stub}
  0x0000022470faa4f4: 0f85 866b | c7ff 660f | 1f44 0000 
[Verified Entry Point]
  0x0000022470faa500: 8984 2400 | 90ff ff55 | 4881 ecb0 | 0000 0048 | 8954 2478 | 89b4 2494 | 0000 0089 | bc24 9000 
  0x0000022470faa520: 0000 4c89 | 8c24 8800 | 0000 498b | d84c 8bc3 | 4c8b c948 | 8bca 488b | d148 899c | 2480 0000 
  0x0000022470faa540: 0066 0f1f 

  0x0000022470faa544: ;   {optimized virtual_call}
  0x0000022470faa544: 4400 00e8 

  0x0000022470faa548: ; ImmutableOopMap {[120]=Oop [136]=Oop [128]=Oop }
                      ;*invokevirtual preDefineClass {reexecute=0 rethrow=0 return_oop=0}
                      ; - java.lang.ClassLoader::defineClass@4 (line 1015)
  0x0000022470faa548: 7406 0000 | 4889 8424 | 9800 0000 

  0x0000022470faa554: ; implicit exception: dispatches to 0x0000022470faa62a
  0x0000022470faa554: 448b 4010 | 49c1 e003 | 4983 f800 | 0f85 0f00 

  0x0000022470faa564: ;   {oop(NULL)}
  0x0000022470faa564: 0000 48bb | 0000 0000 | 0000 0000 | e942 0000 | 0045 8b40 | 0c49 c1e0 | 0349 83f8 | 000f 850f 
  0x0000022470faa584: ;   {oop(NULL)}
  0x0000022470faa584: 0000 0048 | bb00 0000 | 0000 0000 | 00e9 2100 | 0000 418b | 5038 48c1 | e203 483b | 0266 0f1f 
  0x0000022470faa5a4: ;   {optimized virtual_call}
  0x0000022470faa5a4: 4400 00e8 

  0x0000022470faa5a8: ; ImmutableOopMap {[120]=Oop [136]=Oop [128]=Oop [152]=Oop }
                      ;*invokevirtual toExternalForm {reexecute=0 rethrow=0 return_oop=0}
                      ; - java.net.URL::toExternalForm@5 (line 1039)
                      ; - java.net.URL::toString@1 (line 1025)
                      ; - java.lang.ClassLoader::defineClassSourceLocation@22 (line 917)
                      ; - java.lang.ClassLoader::defineClass@12 (line 1016)
  0x0000022470faa5a8: f472 fdff | 488b d848 | 8b84 2498 | 0000 008b | b424 9400 | 0000 8bbc | 2490 0000 | 004c 8b8c 
  0x0000022470faa5c8: 2488 0000 | 004c 8b84 | 2480 0000 | 0048 8b54 | 2478 4c8b | da49 8bd3 | 488b c848 

  0x0000022470faa5e4: ;   {static_call}
  0x0000022470faa5e4: 891c 24e8 

  0x0000022470faa5e8: ; ImmutableOopMap {[152]=Oop [120]=Oop }
                      ;*invokestatic defineClass1 {reexecute=0 rethrow=0 return_oop=0}
                      ; - java.lang.ClassLoader::defineClass@27 (line 1017)
  0x0000022470faa5e8: d4a8 ffff | 4c8b c04c | 8b8c 2498 | 0000 0048 | 8b54 2478 | 4889 8424 | a000 0000 

  0x0000022470faa604: ;   {optimized virtual_call}
  0x0000022470faa604: 6666 90e8 

  0x0000022470faa608: ; ImmutableOopMap {[160]=Oop }
                      ;*invokevirtual postDefineClass {reexecute=0 rethrow=0 return_oop=0}
                      ; - java.lang.ClassLoader::defineClass@37 (line 1018)
  0x0000022470faa608: f4a2 0300 | 488b 8424 | a000 0000 | 4881 c4b0 | 0000 005d 

  0x0000022470faa61c: ;   {poll_return}
  0x0000022470faa61c: 493b a750 | 0300 000f | 8715 0000 

  0x0000022470faa628: ;   {runtime_call throw_null_pointer_exception Runtime1 stub}
  0x0000022470faa628: 00c3 e8f1 

  0x0000022470faa62c: ; ImmutableOopMap {[120]=Oop [136]=Oop [128]=Oop rax=Oop [152]=Oop }
                      ;*invokevirtual getCodeSource {reexecute=0 rethrow=0 return_oop=0}
                      ; - java.lang.ClassLoader::defineClassSourceLocation@1 (line 914)
                      ; - java.lang.ClassLoader::defineClass@12 (line 1016)
                      ;   {runtime_call throw_null_pointer_exception Runtime1 stub}
  0x0000022470faa62c: 75d1 ffe8 

  0x0000022470faa630: ; ImmutableOopMap {[120]=Oop [136]=Oop [128]=Oop rax=Oop [152]=Oop }
                      ;*invokevirtual getLocation {reexecute=0 rethrow=0 return_oop=0}
                      ; - java.lang.ClassLoader::defineClassSourceLocation@12 (line 916)
                      ; - java.lang.ClassLoader::defineClass@12 (line 1016)
  0x0000022470faa630: ec75 d1ff 

  0x0000022470faa634: ;   {runtime_call throw_null_pointer_exception Runtime1 stub}
  0x0000022470faa634: e8e7 75d1 

  0x0000022470faa638: ; ImmutableOopMap {[120]=Oop [136]=Oop [128]=Oop [152]=Oop r8=Oop }
                      ;*invokevirtual toString {reexecute=0 rethrow=0 return_oop=0}
                      ; - java.lang.ClassLoader::defineClassSourceLocation@22 (line 917)
                      ; - java.lang.ClassLoader::defineClass@12 (line 1016)
                      ;   {runtime_call throw_null_pointer_exception Runtime1 stub}
  0x0000022470faa638: ffe8 e275 

  0x0000022470faa63c: ; ImmutableOopMap {[120]=Oop [136]=Oop [128]=Oop [152]=Oop r8=Oop rdx=Oop }
                      ;*invokevirtual toExternalForm {reexecute=0 rethrow=0 return_oop=0}
                      ; - java.net.URL::toExternalForm@5 (line 1039)
                      ; - java.net.URL::toString@1 (line 1025)
                      ; - java.lang.ClassLoader::defineClassSourceLocation@22 (line 917)
                      ; - java.lang.ClassLoader::defineClass@12 (line 1016)
                      ;   {internal_word}
  0x0000022470faa63c: d1ff 49ba | 1ca6 fa70 | 2402 0000 | 4d89 9768 

  0x0000022470faa64c: ;   {runtime_call SafepointBlob}
  0x0000022470faa64c: 0300 00e9 | acd3 c7ff | 9090 498b | 87e0 0300 | 0049 c787 | e003 0000 | 0000 0000 | 49c7 87e8 
  0x0000022470faa66c: 0300 0000 | 0000 0048 | 81c4 b000 

  0x0000022470faa678: ;   {runtime_call unwind_exception Runtime1 stub}
  0x0000022470faa678: 0000 5de9 | 8066 d1ff 
[Stub Code]
  0x0000022470faa680: ;   {no_reloc}
  0x0000022470faa680: 0f1f 4400 

  0x0000022470faa684: ;   {static_stub}
  0x0000022470faa684: 0048 bb00 | 0000 0000 

  0x0000022470faa68c: ;   {runtime_call}
  0x0000022470faa68c: 0000 00e9 | fbff ffff 

  0x0000022470faa694: ;   {static_stub}
  0x0000022470faa694: 9048 bb00 | 0000 0000 

  0x0000022470faa69c: ;   {runtime_call}
  0x0000022470faa69c: 0000 00e9 | fbff ffff 

  0x0000022470faa6a4: ;   {static_stub}
  0x0000022470faa6a4: 9048 bb00 | 0000 0000 

  0x0000022470faa6ac: ;   {runtime_call}
  0x0000022470faa6ac: 0000 00e9 | fbff ffff 

  0x0000022470faa6b4: ;   {static_stub}
  0x0000022470faa6b4: 9048 bbd8 | 4b02 0024 

  0x0000022470faa6bc: ;   {runtime_call I2C/C2I adapters}
  0x0000022470faa6bc: 0200 00e9 | 1d33 c7ff 
[Exception Handler]
  0x0000022470faa6c4: ;   {runtime_call handle_exception_from_callee Runtime1 stub}
  0x0000022470faa6c4: e837 93d1 

  0x0000022470faa6c8: ;   {external_word}
  0x0000022470faa6c8: ff48 b9a0 | 7dba 05fd | 7f00 0048 

  0x0000022470faa6d4: ;   {runtime_call}
  0x0000022470faa6d4: 83e4 f049 | ba30 e182 | 05fd 7f00 | 0041 ffd2 

  0x0000022470faa6e4: ;   {section_word}
  0x0000022470faa6e4: f449 bae5 | a6fa 7024 | 0200 0041 

  0x0000022470faa6f0: ;   {runtime_call DeoptimizationBlob}
  0x0000022470faa6f0: 52e9 aac5 | c7ff f4f4 
[/MachCode]


Compiled method (c1)   11670 1172       1       jdk.internal.loader.BuiltinClassLoader::defineClass (121 bytes)
 total in heap  [0x0000022470fac690,0x0000022470fad528] = 3736
 relocation     [0x0000022470fac7e8,0x0000022470fac918] = 304
 main code      [0x0000022470fac920,0x0000022470facf60] = 1600
 stub code      [0x0000022470facf60,0x0000022470fad0a8] = 328
 metadata       [0x0000022470fad0a8,0x0000022470fad0f0] = 72
 scopes data    [0x0000022470fad0f0,0x0000022470fad348] = 600
 scopes pcs     [0x0000022470fad348,0x0000022470fad4e8] = 416
 dependencies   [0x0000022470fad4e8,0x0000022470fad4f0] = 8
 handler table  [0x0000022470fad4f0,0x0000022470fad508] = 24
 nul chk table  [0x0000022470fad508,0x0000022470fad528] = 32

[Constant Pool (empty)]

[MachCode]
[Entry Point]
  # {method} {0x00000224000f0610} 'defineClass' '(Ljava/lang/String;Ljdk/internal/loader/Resource;)Ljava/lang/Class;' in 'jdk/internal/loader/BuiltinClassLoader'
  # this:     rdx:rdx   = 'jdk/internal/loader/BuiltinClassLoader'
  # parm0:    r8:r8     = 'java/lang/String'
  # parm1:    r9:r9     = 'jdk/internal/loader/Resource'
  #           [sp+0x110]  (sp of caller)
  0x0000022470fac920: 448b 5208 | 49bb 0000 | 0000 0800 | 0000 4d03 | d34c 3bd0 

  0x0000022470fac934: ;   {runtime_call ic_miss_stub}
  0x0000022470fac934: 0f85 4647 | c7ff 660f | 1f44 0000 
[Verified Entry Point]
  0x0000022470fac940: 8984 2400 | 90ff ff55 | 4881 ec00 | 0100 0048 | 8994 24a0 | 0000 004c | 8984 2490 | 0000 004c 
  0x0000022470fac960: 898c 2498 | 0000 0049 | 8bd1 6666 | 9048 b808 | 8208 0008 

  0x0000022470fac974: ;   {virtual_call}
  0x0000022470fac974: 0000 00e8 

  0x0000022470fac978: ; ImmutableOopMap {[152]=Oop [160]=Oop [144]=Oop }
                      ;*invokevirtual getCodeSourceURL {reexecute=0 rethrow=0 return_oop=0}
                      ; - jdk.internal.loader.BuiltinClassLoader::defineClass@1 (line 842)
  0x0000022470fac978: a432 0000 | 4889 8424 | a800 0000 | 4c8b 8424 | 9000 0000 

  0x0000022470fac98c: ; implicit exception: dispatches to 0x0000022470face53
  0x0000022470fac98c: 418b 7014 | 48c1 e603 

  0x0000022470fac994: ; implicit exception: dispatches to 0x0000022470face58
  0x0000022470fac994: 8b56 0c45 | 0fbe 4810 | 498b c9c1 | e118 c1f9 | 18d3 fa48 | 8bfa ffcf | 4183 f900 | ba00 0000 
  0x0000022470fac9b4: 000f 8505 | 0000 00ba | 0100 0000 | 83e2 0183 | fa00 488b | d641 b82e | 0000 004c | 8bcf 0f84 
  0x0000022470fac9d4: 1100 0000 | 0f1f 8000 

  0x0000022470fac9dc: ;   {static_call}
  0x0000022470fac9dc: 0000 00e8 

  0x0000022470fac9e0: ; ImmutableOopMap {[152]=Oop [160]=Oop [168]=Oop [144]=Oop }
                      ;*invokestatic lastIndexOf {reexecute=0 rethrow=0 return_oop=0}
                      ; - java.lang.String::lastIndexOf@13 (line 2489)
                      ; - java.lang.String::lastIndexOf@8 (line 2451)
                      ; - jdk.internal.loader.BuiltinClassLoader::defineClass@8 (line 845)
  0x0000022470fac9e0: bc61 e7ff | e90b 0000 | 0066 0f1f 

  0x0000022470fac9ec: ;   {static_call}
  0x0000022470fac9ec: 4400 00e8 

  0x0000022470fac9f0: ; ImmutableOopMap {[152]=Oop [160]=Oop [168]=Oop [144]=Oop }
                      ;*invokestatic lastIndexOf {reexecute=0 rethrow=0 return_oop=0}
                      ; - java.lang.String::lastIndexOf@25 (line 2490)
                      ; - java.lang.String::lastIndexOf@8 (line 2451)
                      ; - jdk.internal.loader.BuiltinClassLoader::defineClass@8 (line 845)
  0x0000022470fac9f0: 8c4f c7ff | 83f8 ff0f | 8467 0000 | 0041 b800 | 0000 004c | 8bc8 488b | 9424 9000 

  0x0000022470faca0c: ;   {optimized virtual_call}
  0x0000022470faca0c: 0000 90e8 

  0x0000022470faca10: ; ImmutableOopMap {[152]=Oop [160]=Oop [168]=Oop [144]=Oop }
                      ;*invokevirtual substring {reexecute=0 rethrow=0 return_oop=0}
                      ; - jdk.internal.loader.BuiltinClassLoader::defineClass@23 (line 847)
  0x0000022470faca10: ecfd e6ff | 488b 9424 | 9800 0000 | 4889 8424 | b000 0000 | 9048 b808 | 8208 0008 

  0x0000022470faca2c: ;   {virtual_call}
  0x0000022470faca2c: 0000 00e8 

  0x0000022470faca30: ; ImmutableOopMap {[152]=Oop [160]=Oop [168]=Oop [144]=Oop [176]=Oop }
                      ;*invokevirtual getManifest {reexecute=0 rethrow=0 return_oop=0}
                      ; - jdk.internal.loader.BuiltinClassLoader::defineClass@29 (line 848)
  0x0000022470faca30: 4ca0 0300 | 4c8b 8424 | b000 0000 | 4c8b c848 | 8bbc 24a8 | 0000 0048 | 8b94 24a0 | 0000 0066 
  0x0000022470faca50: 0f1f 4400 | 0048 b880 | 2e05 0008 

  0x0000022470faca5c: ;   {virtual_call}
  0x0000022470faca5c: 0000 00e8 

  0x0000022470faca60: ; ImmutableOopMap {[152]=Oop [160]=Oop [168]=Oop [144]=Oop }
                      ;*invokevirtual defineOrCheckPackage {reexecute=0 rethrow=0 return_oop=0}
                      ; - jdk.internal.loader.BuiltinClassLoader::defineClass@40 (line 849)
  0x0000022470faca60: bcf2 ffff | 4c8b 8c24 | 9800 0000 | 488d 9424 | e000 0000 | 4c89 4a08 | 498b 0148 | 83c8 0148 
  0x0000022470faca80: 8902 f049 | 0fb1 110f | 8413 0000 | 0048 2bc4 | 4881 e007 | f0ff ff48 | 8902 0f85 | bd03 0000 
  0x0000022470facaa0: 418b 510c | 48c1 e203 | 4883 fa00 | 0f85 4700 | 0000 498b | d148 b808 | 8208 0008 

  0x0000022470facabc: ;   {virtual_call}
  0x0000022470facabc: 0000 00e8 

  0x0000022470facac0: ; ImmutableOopMap {[160]=Oop [168]=Oop [144]=Oop [152]=Oop [232]=Oop }
                      ;*invokevirtual getInputStream {reexecute=0 rethrow=0 return_oop=0}
                      ; - jdk.internal.loader.Resource::cachedInputStream@9 (line 77)
                      ; - jdk.internal.loader.Resource::getByteBuffer@1 (line 163)
                      ; - jdk.internal.loader.BuiltinClassLoader::defineClass@45 (line 853)
  0x0000022470facac0: dca6 0300 | 410f be57 | 3883 fa00 | 4c8b 8c24 | 9800 0000 | 0f85 9603 | 0000 4c8b | d049 c1ea 
  0x0000022470facae0: 0345 8951 | 0c49 8bd1 | 4833 d048 | c1ea 1548 | 83fa 000f | 8597 0300 | 0041 8b51 | 0c48 c1e2 
  0x0000022470facb00: 0348 8d84 | 24e0 0000 | 0048 8b30 | 4885 f60f | 840f 0000 | 0048 8b78 | 08f0 480f | b137 0f85 
  0x0000022470facb20: 8403 0000 | 4883 fa00 | 0f84 4400 

  0x0000022470facb2c: ;   {metadata('sun/nio/ByteBuffered')}
  0x0000022470facb2c: 0000 48b8 | 208c 0800 | 0800 0000 | 8b5a 0849 | ba00 0000 | 0008 0000 | 0049 03da | 483b 4320 
  0x0000022470facb4c: 0f84 2500 | 0000 483b | d80f 841c | 0000 0053 

  0x0000022470facb5c: ;   {runtime_call slow_subtype_check Runtime1 stub}
  0x0000022470facb5c: 50e8 9e7a | d1ff 5b5b | 83fb 000f | 8405 0000 | 00e9 0500 | 0000 4833 | f6eb 0a48 | be01 0000 
  0x0000022470facb7c: 0000 0000 | 0083 fe00 | 0f84 6700 | 0000 4883 | fa00 0f84 | 4400 0000 

  0x0000022470facb94: ;   {metadata('sun/nio/ByteBuffered')}
  0x0000022470facb94: 48bb 208c | 0800 0800 | 0000 8b7a | 0849 ba00 | 0000 0008 | 0000 0049 | 03fa 483b | 5f20 0f84 
  0x0000022470facbb4: 2000 0000 | 483b fb0f | 8417 0000 

  0x0000022470facbc0: ;   {runtime_call slow_subtype_check Runtime1 stub}
  0x0000022470facbc0: 0057 53e8 | 387a d1ff | 5f5f 83ff | 000f 84eb | 0200 00e9 | 0000 0000 | 0f1f 4400 | 0048 b8ff 
  0x0000022470facbe0: ffff ffff 

  0x0000022470facbe4: ;   {virtual_call}
  0x0000022470facbe4: ffff ffe8 

  0x0000022470facbe8: ; ImmutableOopMap {[160]=Oop [168]=Oop [144]=Oop [152]=Oop }
                      ;*invokeinterface getByteBuffer {reexecute=0 rethrow=0 return_oop=0}
                      ; - jdk.internal.loader.Resource::getByteBuffer@16 (line 165)
                      ; - jdk.internal.loader.BuiltinClassLoader::defineClass@45 (line 853)
  0x0000022470facbe8: 944a c7ff | e90a 0000 

  0x0000022470facbf0: ;   {oop(NULL)}
  0x0000022470facbf0: 0048 b800 | 0000 0000 | 0000 0048 | 83f8 000f | 84e5 0000 | 0048 8984 | 24b8 0000 | 0048 8b94 
  0x0000022470facc10: 2498 0000 | 0048 b8ff | ffff ffff 

  0x0000022470facc1c: ;   {virtual_call}
  0x0000022470facc1c: ffff ffe8 

  0x0000022470facc20: ; ImmutableOopMap {[160]=Oop [168]=Oop [144]=Oop [184]=Oop }
                      ;*invokevirtual getCodeSigners {reexecute=0 rethrow=0 return_oop=0}
                      ; - jdk.internal.loader.BuiltinClassLoader::defineClass@56 (line 855)
  0x0000022470facc20: 5c4a c7ff 

  0x0000022470facc24: ;   {metadata('java/security/CodeSource')}
  0x0000022470facc24: 4c8b c848 | ba48 3505 | 0008 0000 | 0049 8b87 | 0801 0000 | 488d 7828 | 493b bf18 | 0100 000f 
  0x0000022470facc44: 877e 0200 | 0049 89bf | 0801 0000 | 48c7 0001 | 0000 0048 | 8bca 49ba | 0000 0000 | 0800 0000 
  0x0000022470facc64: 492b ca89 | 4808 4833 | c989 480c | 4833 c948 | 8948 1048 | 8948 1848 | 8948 204c | 8b84 24a8 
  0x0000022470facc84: 0000 0048 | 8bd0 4889 | 8424 c000 | 0000 0f1f 

  0x0000022470facc94: ;   {optimized virtual_call}
  0x0000022470facc94: 4400 00e8 

  0x0000022470facc98: ; ImmutableOopMap {[160]=Oop [144]=Oop [184]=Oop [192]=Oop }
                      ;*invokespecial <init> {reexecute=0 rethrow=0 return_oop=0}
                      ; - jdk.internal.loader.BuiltinClassLoader::defineClass@68 (line 856)
  0x0000022470facc98: e446 c7ff | 4c8b 8424 | c000 0000 | 488b 9424 | a000 0000 

  0x0000022470faccac: ;   {optimized virtual_call}
  0x0000022470faccac: 6666 90e8 

  0x0000022470faccb0: ; ImmutableOopMap {[160]=Oop [144]=Oop [184]=Oop }
                      ;*invokevirtual getProtectionDomain {reexecute=0 rethrow=0 return_oop=0}
                      ; - java.security.SecureClassLoader::defineClass@5 (line 182)
                      ; - jdk.internal.loader.BuiltinClassLoader::defineClass@79 (line 857)
  0x0000022470faccb0: cc46 c7ff | 4c8b 8424 | 9000 0000 | 4c8b 8c24 | b800 0000 | 488b f848 | 8b94 24a0 

  0x0000022470facccc: ;   {optimized virtual_call}
  0x0000022470facccc: 0000 00e8 

  0x0000022470faccd0: ; ImmutableOopMap {}
                      ;*invokevirtual defineClass {reexecute=0 rethrow=0 return_oop=0}
                      ; - java.security.SecureClassLoader::defineClass@8 (line 182)
                      ; - jdk.internal.loader.BuiltinClassLoader::defineClass@79 (line 857)
  0x0000022470faccd0: ac46 c7ff | 4881 c400 | 0100 005d 

  0x0000022470faccdc: ;   {poll_return}
  0x0000022470faccdc: 493b a750 | 0300 000f | 87eb 0100 | 00c3 4c8b | 8c24 9800 | 0000 498b | d148 b808 | 8208 0008 
  0x0000022470faccfc: ;   {virtual_call}
  0x0000022470faccfc: 0000 00e8 

  0x0000022470facd00: ; ImmutableOopMap {[160]=Oop [144]=Oop [152]=Oop [168]=Oop }
                      ;*invokevirtual getBytes {reexecute=0 rethrow=0 return_oop=0}
                      ; - jdk.internal.loader.BuiltinClassLoader::defineClass@84 (line 859)
  0x0000022470facd00: 5ca8 0300 | 4889 8424 | c800 0000 | 488b 9424 | 9800 0000 | 9048 b808 | 8208 0008 

  0x0000022470facd1c: ;   {virtual_call}
  0x0000022470facd1c: 0000 00e8 

  0x0000022470facd20: ; ImmutableOopMap {[160]=Oop [144]=Oop [168]=Oop [200]=Oop }
                      ;*invokevirtual getCodeSigners {reexecute=0 rethrow=0 return_oop=0}
                      ; - jdk.internal.loader.BuiltinClassLoader::defineClass@90 (line 860)
  0x0000022470facd20: fcb9 0300 

  0x0000022470facd24: ;   {metadata('java/security/CodeSource')}
  0x0000022470facd24: 4c8b c848 | ba48 3505 | 0008 0000 | 0049 8b87 | 0801 0000 | 488d 7828 | 493b bf18 | 0100 000f 
  0x0000022470facd44: 87a1 0100 | 0049 89bf | 0801 0000 | 48c7 0001 | 0000 0048 | 8bca 49ba | 0000 0000 | 0800 0000 
  0x0000022470facd64: 492b ca89 | 4808 4833 | c989 480c | 4833 c948 | 8948 1048 | 8948 1848 | 8948 204c | 8b84 24a8 
  0x0000022470facd84: 0000 0048 | 8bd0 4889 | 8424 d000 | 0000 0f1f 

  0x0000022470facd94: ;   {optimized virtual_call}
  0x0000022470facd94: 4400 00e8 

  0x0000022470facd98: ; ImmutableOopMap {[160]=Oop [144]=Oop [200]=Oop [208]=Oop }
                      ;*invokespecial <init> {reexecute=0 rethrow=0 return_oop=0}
                      ; - jdk.internal.loader.BuiltinClassLoader::defineClass@102 (line 861)
  0x0000022470facd98: e4b1 ffff | 488b 8424 | c800 0000 

  0x0000022470facda4: ; implicit exception: dispatches to 0x0000022470facef7
  0x0000022470facda4: 8b70 0c4c | 8b84 24d0 | 0000 0048 | 8b94 24a0 | 0000 0089 | b424 d800 

  0x0000022470facdbc: ;   {optimized virtual_call}
  0x0000022470facdbc: 0000 90e8 

  0x0000022470facdc0: ; ImmutableOopMap {[160]=Oop [144]=Oop [200]=Oop }
                      ;*invokevirtual getProtectionDomain {reexecute=0 rethrow=0 return_oop=0}
                      ; - java.security.SecureClassLoader::defineClass@9 (line 150)
                      ; - jdk.internal.loader.BuiltinClassLoader::defineClass@117 (line 862)
  0x0000022470facdc0: 1ccd ffff | 4c8b 8424 | 9000 0000 | 4c8b 8c24 | c800 0000 | bf00 0000 | 008b b424 | d800 0000 
  0x0000022470facde0: 488b c848 | 8b94 24a0 | 0000 000f 

  0x0000022470facdec: ;   {optimized virtual_call}
  0x0000022470facdec: 1f40 00e8 

  0x0000022470facdf0: ; ImmutableOopMap {}
                      ;*invokevirtual defineClass {reexecute=0 rethrow=0 return_oop=0}
                      ; - java.security.SecureClassLoader::defineClass@12 (line 150)
                      ; - jdk.internal.loader.BuiltinClassLoader::defineClass@117 (line 862)
  0x0000022470facdf0: 0cd7 ffff | 4881 c400 | 0100 005d 

  0x0000022470facdfc: ;   {poll_return}
  0x0000022470facdfc: 493b a750 | 0300 000f | 87f3 0000 | 00c3 498b | 87e0 0300 | 004d 33d2 | 4d89 97e0 | 0300 004d 
  0x0000022470face1c: 33d2 4d89 | 97e8 0300 | 0048 8bf0 | 488d 8424 | e000 0000 | 488b 3848 | 85ff 0f84 | 0f00 0000 
  0x0000022470face3c: 488b 5808 | f048 0fb1 | 3b0f 85c7 | 0000 0048 | 8bc6 e9f4 

  0x0000022470face50: ;   {runtime_call throw_null_pointer_exception Runtime1 stub}
  0x0000022470face50: 0000 00e8 

  0x0000022470face54: ; ImmutableOopMap {[152]=Oop [160]=Oop rax=Oop [168]=Oop r8=Oop [144]=Oop }
                      ;*invokevirtual lastIndexOf {reexecute=0 rethrow=0 return_oop=0}
                      ; - jdk.internal.loader.BuiltinClassLoader::defineClass@8 (line 845)
  0x0000022470face54: c84d d1ff 

  0x0000022470face58: ;   {runtime_call throw_null_pointer_exception Runtime1 stub}
  0x0000022470face58: e8c3 4dd1 

  0x0000022470face5c: ; ImmutableOopMap {[152]=Oop [160]=Oop rax=Oop [168]=Oop r8=Oop [144]=Oop rsi=Oop }
                      ;*arraylength {reexecute=0 rethrow=0 return_oop=0}
                      ; - java.lang.String::length@4 (line 1481)
                      ; - java.lang.String::lastIndexOf@3 (line 2451)
                      ; - jdk.internal.loader.BuiltinClassLoader::defineClass@8 (line 845)
  0x0000022470face5c: ff4c 894c | 2408 4889 

  0x0000022470face64: ;   {runtime_call monitorenter_nofpu Runtime1 stub}
  0x0000022470face64: 1424 e895 

  0x0000022470face68: ; ImmutableOopMap {[160]=Oop [168]=Oop [144]=Oop r9=Oop [152]=Oop [232]=Oop }
                      ;*synchronization entry
                      ; - jdk.internal.loader.Resource::cachedInputStream@-1 (line 76)
                      ; - jdk.internal.loader.Resource::getByteBuffer@1 (line 163)
                      ; - jdk.internal.loader.BuiltinClassLoader::defineClass@45 (line 853)
  0x0000022470face68: 7dd1 ffe9 | 30fc ffff | 418b 510c | 48c1 e203 | 4883 fa00 | 0f84 58fc | ffff 4889 

  0x0000022470face84: ;   {runtime_call g1_pre_barrier_slow}
  0x0000022470face84: 1424 e875 | a4d1 ffe9 | 4afc ffff | 4883 f800 | 0f84 5ffc | ffff 4c89 

  0x0000022470face9c: ;   {runtime_call g1_post_barrier_slow}
  0x0000022470face9c: 0c24 e85d | a7d1 ffe9 | 51fc ffff | 488d 8424 | e000 0000 | 4889 0424 

  0x0000022470faceb4: ;   {runtime_call monitorexit_nofpu Runtime1 stub}
  0x0000022470faceb4: e847 83d1 | ffe9 66fc | ffff 4889 

  0x0000022470facec0: ;   {runtime_call throw_class_cast_exception Runtime1 stub}
  0x0000022470facec0: 1424 e859 

  0x0000022470facec4: ; ImmutableOopMap {[160]=Oop [168]=Oop [144]=Oop [152]=Oop }
                      ;*checkcast {reexecute=0 rethrow=0 return_oop=0}
                      ; - jdk.internal.loader.Resource::getByteBuffer@13 (line 165)
                      ; - jdk.internal.loader.BuiltinClassLoader::defineClass@45 (line 853)
  0x0000022470facec4: 71d1 ff48 

  0x0000022470facec8: ;   {runtime_call fast_new_instance Runtime1 stub}
  0x0000022470facec8: 8bd2 e831 

  0x0000022470facecc: ; ImmutableOopMap {[160]=Oop [168]=Oop [144]=Oop [184]=Oop r9=Oop }
                      ;*new {reexecute=0 rethrow=0 return_oop=0}
                      ; - jdk.internal.loader.BuiltinClassLoader::defineClass@61 (line 856)
  0x0000022470facecc: 56d1 ffe9 | abfd ffff 

  0x0000022470faced4: ;   {internal_word}
  0x0000022470faced4: 49ba dccc | fa70 2402 | 0000 4d89 | 9768 0300 

  0x0000022470facee4: ;   {runtime_call SafepointBlob}
  0x0000022470facee4: 00e9 16ab | c7ff 488b 

  0x0000022470faceec: ;   {runtime_call fast_new_instance Runtime1 stub}
  0x0000022470faceec: d2e8 0e56 

  0x0000022470facef0: ; ImmutableOopMap {[160]=Oop [144]=Oop [168]=Oop [200]=Oop r9=Oop }
                      ;*new {reexecute=0 rethrow=0 return_oop=0}
                      ; - jdk.internal.loader.BuiltinClassLoader::defineClass@95 (line 861)
  0x0000022470facef0: d1ff e988 

  0x0000022470facef4: ;   {runtime_call throw_null_pointer_exception Runtime1 stub}
  0x0000022470facef4: feff ffe8 

  0x0000022470facef8: ; ImmutableOopMap {[160]=Oop [144]=Oop [208]=Oop rax=Oop [200]=Oop }
                      ;*arraylength {reexecute=0 rethrow=0 return_oop=0}
                      ; - jdk.internal.loader.BuiltinClassLoader::defineClass@114 (line 862)
  0x0000022470facef8: 244d d1ff 

  0x0000022470facefc: ;   {internal_word}
  0x0000022470facefc: 49ba fccd | fa70 2402 | 0000 4d89 | 9768 0300 

  0x0000022470facf0c: ;   {runtime_call SafepointBlob}
  0x0000022470facf0c: 00e9 eeaa | c7ff 488d | 8424 e000 | 0000 4889 

  0x0000022470facf1c: ;   {runtime_call monitorexit_nofpu Runtime1 stub}
  0x0000022470facf1c: 0424 e8dd | 82d1 ffe9 | 23ff ffff | 9090 498b | 87e0 0300 | 0049 c787 | e003 0000 | 0000 0000 
  0x0000022470facf3c: 49c7 87e8 | 0300 0000 | 0000 0048 | 81c4 0001 

  0x0000022470facf4c: ;   {runtime_call unwind_exception Runtime1 stub}
  0x0000022470facf4c: 0000 5de9 | ac3d d1ff | f4f4 f4f4 | f4f4 f4f4 | f4f4 f4f4 
[Stub Code]
  0x0000022470facf60: ;   {no_reloc}
  0x0000022470facf60: 0f1f 4400 

  0x0000022470facf64: ;   {static_stub}
  0x0000022470facf64: 0048 bb00 | 0000 0000 

  0x0000022470facf6c: ;   {runtime_call}
  0x0000022470facf6c: 0000 00e9 | fbff ffff 

  0x0000022470facf74: ;   {static_stub}
  0x0000022470facf74: 9048 bb00 | 0000 0000 

  0x0000022470facf7c: ;   {runtime_call}
  0x0000022470facf7c: 0000 00e9 | fbff ffff 

  0x0000022470facf84: ;   {static_stub}
  0x0000022470facf84: 9048 bb00 | 0000 0000 

  0x0000022470facf8c: ;   {runtime_call}
  0x0000022470facf8c: 0000 00e9 | fbff ffff 

  0x0000022470facf94: ;   {static_stub}
  0x0000022470facf94: 9048 bb00 | 0000 0000 

  0x0000022470facf9c: ;   {runtime_call}
  0x0000022470facf9c: 0000 00e9 | fbff ffff 

  0x0000022470facfa4: ;   {static_stub}
  0x0000022470facfa4: 9048 bb00 | 0000 0000 

  0x0000022470facfac: ;   {runtime_call}
  0x0000022470facfac: 0000 00e9 | fbff ffff 

  0x0000022470facfb4: ;   {static_stub}
  0x0000022470facfb4: 9048 bb00 | 0000 0000 

  0x0000022470facfbc: ;   {runtime_call}
  0x0000022470facfbc: 0000 00e9 | fbff ffff 

  0x0000022470facfc4: ;   {static_stub}
  0x0000022470facfc4: 9048 bb00 | 0000 0000 

  0x0000022470facfcc: ;   {runtime_call}
  0x0000022470facfcc: 0000 00e9 | fbff ffff 

  0x0000022470facfd4: ;   {static_stub}
  0x0000022470facfd4: 9048 bb00 | 0000 0000 

  0x0000022470facfdc: ;   {runtime_call}
  0x0000022470facfdc: 0000 00e9 | fbff ffff 

  0x0000022470facfe4: ;   {static_stub}
  0x0000022470facfe4: 9048 bb00 | 0000 0000 

  0x0000022470facfec: ;   {runtime_call}
  0x0000022470facfec: 0000 00e9 | fbff ffff 

  0x0000022470facff4: ;   {static_stub}
  0x0000022470facff4: 9048 bb00 | 0000 0000 

  0x0000022470facffc: ;   {runtime_call}
  0x0000022470facffc: 0000 00e9 | fbff ffff 

  0x0000022470fad004: ;   {static_stub}
  0x0000022470fad004: 9048 bb00 | 0000 0000 

  0x0000022470fad00c: ;   {runtime_call}
  0x0000022470fad00c: 0000 00e9 | fbff ffff 

  0x0000022470fad014: ;   {static_stub}
  0x0000022470fad014: 9048 bb00 | 0000 0000 

  0x0000022470fad01c: ;   {runtime_call}
  0x0000022470fad01c: 0000 00e9 | fbff ffff 

  0x0000022470fad024: ;   {static_stub}
  0x0000022470fad024: 9048 bb00 | 0000 0000 

  0x0000022470fad02c: ;   {runtime_call}
  0x0000022470fad02c: 0000 00e9 | fbff ffff 

  0x0000022470fad034: ;   {static_stub}
  0x0000022470fad034: 9048 bb00 | 0000 0000 

  0x0000022470fad03c: ;   {runtime_call}
  0x0000022470fad03c: 0000 00e9 | fbff ffff 

  0x0000022470fad044: ;   {static_stub}
  0x0000022470fad044: 9048 bb00 | 0000 0000 

  0x0000022470fad04c: ;   {runtime_call}
  0x0000022470fad04c: 0000 00e9 | fbff ffff 

  0x0000022470fad054: ;   {static_stub}
  0x0000022470fad054: 9048 bb00 | 0000 0000 

  0x0000022470fad05c: ;   {runtime_call}
  0x0000022470fad05c: 0000 00e9 | fbff ffff 

  0x0000022470fad064: ;   {static_stub}
  0x0000022470fad064: 9048 bb00 | 0000 0000 

  0x0000022470fad06c: ;   {runtime_call}
  0x0000022470fad06c: 0000 00e9 | fbff ffff 
[Exception Handler]
  0x0000022470fad074: ;   {runtime_call handle_exception_from_callee Runtime1 stub}
  0x0000022470fad074: e887 69d1 

  0x0000022470fad078: ;   {external_word}
  0x0000022470fad078: ff48 b9a0 | 7dba 05fd | 7f00 0048 

  0x0000022470fad084: ;   {runtime_call}
  0x0000022470fad084: 83e4 f049 | ba30 e182 | 05fd 7f00 | 0041 ffd2 

  0x0000022470fad094: ;   {section_word}
  0x0000022470fad094: f449 ba95 | d0fa 7024 | 0200 0041 

  0x0000022470fad0a0: ;   {runtime_call DeoptimizationBlob}
  0x0000022470fad0a0: 52e9 fa9b | c7ff f4f4 
[/MachCode]


---------------  P R O C E S S  ---------------

Threads class SMR info:
_java_thread_list=0x000002247f0dc410, length=23, elements={
0x000002246d45d990, 0x000002247d102610, 0x000002247cf87820, 0x000002247cf950c0,
0x000002247cf95e50, 0x000002247cf96980, 0x000002247cfa8f20, 0x000002247cfa97f0,
0x000002247cfab040, 0x000002247cf35390, 0x000002247d1e19c0, 0x000002247d264f40,
0x000002247d803340, 0x000002247d803820, 0x000002247daa1520, 0x000002247db5e560,
0x000002247e3317b0, 0x000002247ed4d030, 0x000002247ed4d510, 0x000002247ed30f20,
0x000002247f0e54e0, 0x000002247f0e5f00, 0x000002247f0e6410
}

Java Threads: ( => current thread )
  0x000002246d45d990 JavaThread "main" [_thread_blocked, id=9840, stack(0x000000a588400000,0x000000a588500000)]
  0x000002247d102610 JavaThread "Reference Handler" daemon [_thread_blocked, id=1276, stack(0x000000a588b00000,0x000000a588c00000)]
  0x000002247cf87820 JavaThread "Finalizer" daemon [_thread_blocked, id=13752, stack(0x000000a588c00000,0x000000a588d00000)]
  0x000002247cf950c0 JavaThread "Signal Dispatcher" daemon [_thread_blocked, id=13292, stack(0x000000a588d00000,0x000000a588e00000)]
  0x000002247cf95e50 JavaThread "Attach Listener" daemon [_thread_blocked, id=4928, stack(0x000000a588e00000,0x000000a588f00000)]
  0x000002247cf96980 JavaThread "Service Thread" daemon [_thread_blocked, id=5772, stack(0x000000a588f00000,0x000000a589000000)]
  0x000002247cfa8f20 JavaThread "Monitor Deflation Thread" daemon [_thread_blocked, id=15412, stack(0x000000a589000000,0x000000a589100000)]
  0x000002247cfa97f0 JavaThread "C1 CompilerThread0" daemon [_thread_blocked, id=8224, stack(0x000000a589100000,0x000000a589200000)]
  0x000002247cfab040 JavaThread "Sweeper thread" daemon [_thread_blocked, id=16272, stack(0x000000a589200000,0x000000a589300000)]
  0x000002247cf35390 JavaThread "Common-Cleaner" daemon [_thread_blocked, id=15888, stack(0x000000a589300000,0x000000a589400000)]
  0x000002247d1e19c0 JavaThread "C1 CompilerThread1" daemon [_thread_blocked, id=12816, stack(0x000000a589400000,0x000000a589500000)]
  0x000002247d264f40 JavaThread "C1 CompilerThread2" daemon [_thread_blocked, id=11048, stack(0x000000a589500000,0x000000a589600000)]
  0x000002247d803340 JavaThread "Monitor Ctrl-Break" daemon [_thread_in_native, id=16592, stack(0x000000a589600000,0x000000a589700000)]
  0x000002247d803820 JavaThread "Notification Thread" daemon [_thread_blocked, id=15752, stack(0x000000a589700000,0x000000a589800000)]
  0x000002247daa1520 JavaThread "RMI TCP Accept-0" daemon [_thread_in_native, id=13980, stack(0x000000a589c00000,0x000000a589d00000)]
  0x000002247db5e560 JavaThread "Thread-0" [_thread_blocked, id=6680, stack(0x000000a589e00000,0x000000a589f00000)]
=>0x000002247e3317b0 JavaThread "restartedMain" [_thread_in_vm, id=15524, stack(0x000000a589f00000,0x000000a58a000000)]
  0x000002247ed4d030 JavaThread "Catalina-utility-1" [_thread_blocked, id=14544, stack(0x000000a58a000000,0x000000a58a100000)]
  0x000002247ed4d510 JavaThread "Catalina-utility-2" [_thread_blocked, id=16996, stack(0x000000a58a100000,0x000000a58a200000)]
  0x000002247ed30f20 JavaThread "container-0" [_thread_blocked, id=14500, stack(0x000000a58a200000,0x000000a58a300000)]
  0x000002247f0e54e0 JavaThread "mysql-cj-abandoned-connection-cleanup" daemon [_thread_blocked, id=9136, stack(0x000000a58a300000,0x000000a58a400000)]
  0x000002247f0e5f00 JavaThread "HikariPool-1 housekeeper" daemon [_thread_blocked, id=12688, stack(0x000000a58a500000,0x000000a58a600000)]
  0x000002247f0e6410 JavaThread "HikariPool-1 connection adder" daemon [_thread_blocked, id=4728, stack(0x000000a58a600000,0x000000a58a700000)]

Other Threads:
  0x000002247d0f0ae0 VMThread "VM Thread" [stack: 0x000000a588a00000,0x000000a588b00000] [id=8508]
  0x000002246d45f870 WatcherThread [stack: 0x000000a589d00000,0x000000a589e00000] [id=10968]
  0x000002246d4b5bd0 GCTaskThread "GC Thread#0" [stack: 0x000000a588500000,0x000000a588600000] [id=8492]
  0x000002247da6c660 GCTaskThread "GC Thread#1" [stack: 0x000000a589800000,0x000000a589900000] [id=4628]
  0x000002247da6c920 GCTaskThread "GC Thread#2" [stack: 0x000000a589900000,0x000000a589a00000] [id=15116]
  0x000002247da6cbe0 GCTaskThread "GC Thread#3" [stack: 0x000000a589a00000,0x000000a589b00000] [id=15880]
  0x000002246d4c2830 ConcurrentGCThread "G1 Main Marker" [stack: 0x000000a588600000,0x000000a588700000] [id=16392]
  0x000002246d4c3160 ConcurrentGCThread "G1 Conc#0" [stack: 0x000000a588700000,0x000000a588800000] [id=3188]
  0x000002246d4fea20 ConcurrentGCThread "G1 Refine#0" [stack: 0x000000a588800000,0x000000a588900000] [id=16140]
  0x000002247daa2460 ConcurrentGCThread "G1 Refine#1" [stack: 0x000000a589b00000,0x000000a589c00000] [id=16132]
  0x000002246d4ff360 ConcurrentGCThread "G1 Service" [stack: 0x000000a588900000,0x000000a588a00000] [id=15548]

Threads with active compile tasks:

VM state: not at safepoint (normal execution)

VM Mutex/Monitor currently owned by a thread:  ([mutex/lock_event])
[0x000002246d44a8e0] Metaspace_lock - owner thread: 0x000002247e3317b0

Heap address: 0x0000000742000000, size: 3040 MB, Compressed Oops mode: Zero based, Oop shift amount: 3

CDS archive(s) not mapped
Compressed class space mapped at: 0x0000000800000000-0x0000000840000000, reserved size: 1073741824
Narrow klass base: 0x0000000800000000, Narrow klass shift: 0, Narrow klass range: 0x40000000

GC Precious Log:
 CPUs: 4 total, 4 available
 Memory: 12156M
 Large Page Support: Disabled
 NUMA Support: Disabled
 Compressed Oops: Enabled (Zero based)
 Heap Region Size: 2M
 Heap Min Capacity: 8M
 Heap Initial Capacity: 190M
 Heap Max Capacity: 3040M
 Pre-touch: Disabled
 Parallel Workers: 4
 Concurrent Workers: 1
 Concurrent Refinement Workers: 4
 Periodic GC: Disabled

Heap:
 garbage-first heap   total 69632K, used 39612K [0x0000000742000000, 0x0000000800000000)
  region size 2048K, 10 young (20480K), 2 survivors (4096K)
 Metaspace       used 55758K, committed 56192K, reserved 1114112K
  class space    used 7474K, committed 7680K, reserved 1048576K

Heap Regions: E=young(eden), S=young(survivor), O=old, HS=humongous(starts), HC=humongous(continues), CS=collection set, F=free, OA=open archive, CA=closed archive, TAMS=top-at-mark-start (previous, next)
|   0|0x0000000742000000, 0x0000000742200000, 0x0000000742200000|100%| O|  |TAMS 0x0000000742200000, 0x0000000742000000| Untracked 
|   1|0x0000000742200000, 0x0000000742400000, 0x0000000742400000|100%| O|  |TAMS 0x0000000742400000, 0x0000000742200000| Untracked 
|   2|0x0000000742400000, 0x0000000742600000, 0x0000000742600000|100%| O|  |TAMS 0x0000000742600000, 0x0000000742400000| Untracked 
|   3|0x0000000742600000, 0x0000000742800000, 0x0000000742800000|100%| O|  |TAMS 0x0000000742800000, 0x0000000742600000| Untracked 
|   4|0x0000000742800000, 0x0000000742a00000, 0x0000000742a00000|100%| O|  |TAMS 0x0000000742a00000, 0x0000000742800000| Untracked 
|   5|0x0000000742a00000, 0x0000000742c00000, 0x0000000742c00000|100%| O|  |TAMS 0x0000000742c00000, 0x0000000742a00000| Untracked 
|   6|0x0000000742c00000, 0x0000000742e00000, 0x0000000742e00000|100%| O|  |TAMS 0x0000000742c00000, 0x0000000742c00000| Untracked 
|   7|0x0000000742e00000, 0x0000000743000000, 0x0000000743000000|100%| O|  |TAMS 0x0000000742e00000, 0x0000000742e00000| Untracked 
|   8|0x0000000743000000, 0x0000000743200000, 0x0000000743200000|100%| O|  |TAMS 0x0000000743200000, 0x0000000743000000| Untracked 
|   9|0x0000000743200000, 0x0000000743400000, 0x0000000743400000|100%| O|  |TAMS 0x0000000743200000, 0x0000000743200000| Untracked 
|  10|0x0000000743400000, 0x0000000743600000, 0x0000000743600000|100%| O|  |TAMS 0x0000000743400000, 0x0000000743400000| Untracked 
|  11|0x0000000743600000, 0x0000000743630000, 0x0000000743800000|  9%| O|  |TAMS 0x0000000743600000, 0x0000000743600000| Untracked 
|  12|0x0000000743800000, 0x0000000743800000, 0x0000000743a00000|  0%| F|  |TAMS 0x0000000743800000, 0x0000000743800000| Untracked 
|  13|0x0000000743a00000, 0x0000000743a00000, 0x0000000743c00000|  0%| F|  |TAMS 0x0000000743a00000, 0x0000000743a00000| Untracked 
|  14|0x0000000743c00000, 0x0000000743c00000, 0x0000000743e00000|  0%| F|  |TAMS 0x0000000743c00000, 0x0000000743c00000| Untracked 
|  15|0x0000000743e00000, 0x0000000743e00000, 0x0000000744000000|  0%| F|  |TAMS 0x0000000743e00000, 0x0000000743e00000| Untracked 
|  16|0x0000000744000000, 0x0000000744000000, 0x0000000744200000|  0%| F|  |TAMS 0x0000000744000000, 0x0000000744000000| Untracked 
|  17|0x0000000744200000, 0x0000000744200000, 0x0000000744400000|  0%| F|  |TAMS 0x0000000744200000, 0x0000000744200000| Untracked 
|  18|0x0000000744400000, 0x0000000744400000, 0x0000000744600000|  0%| F|  |TAMS 0x0000000744400000, 0x0000000744400000| Untracked 
|  19|0x0000000744600000, 0x000000074467f170, 0x0000000744800000| 24%| S|CS|TAMS 0x0000000744600000, 0x0000000744600000| Complete 
|  20|0x0000000744800000, 0x0000000744a00000, 0x0000000744a00000|100%| S|CS|TAMS 0x0000000744800000, 0x0000000744800000| Complete 
|  21|0x0000000744a00000, 0x0000000744a00000, 0x0000000744c00000|  0%| F|  |TAMS 0x0000000744a00000, 0x0000000744a00000| Untracked 
|  22|0x0000000744c00000, 0x0000000744c00000, 0x0000000744e00000|  0%| F|  |TAMS 0x0000000744c00000, 0x0000000744c00000| Untracked 
|  23|0x0000000744e00000, 0x0000000744e00000, 0x0000000745000000|  0%| F|  |TAMS 0x0000000744e00000, 0x0000000744e00000| Untracked 
|  24|0x0000000745000000, 0x0000000745000000, 0x0000000745200000|  0%| F|  |TAMS 0x0000000745000000, 0x0000000745000000| Untracked 
|  25|0x0000000745200000, 0x0000000745200000, 0x0000000745400000|  0%| F|  |TAMS 0x0000000745200000, 0x0000000745200000| Untracked 
|  26|0x0000000745400000, 0x0000000745474220, 0x0000000745600000| 22%| E|  |TAMS 0x0000000745400000, 0x0000000745400000| Complete 
|  27|0x0000000745600000, 0x0000000745800000, 0x0000000745800000|100%| E|CS|TAMS 0x0000000745600000, 0x0000000745600000| Complete 
|  28|0x0000000745800000, 0x0000000745a00000, 0x0000000745a00000|100%| E|CS|TAMS 0x0000000745800000, 0x0000000745800000| Complete 
|  29|0x0000000745a00000, 0x0000000745c00000, 0x0000000745c00000|100%| E|CS|TAMS 0x0000000745a00000, 0x0000000745a00000| Complete 
|  30|0x0000000745c00000, 0x0000000745e00000, 0x0000000745e00000|100%| E|CS|TAMS 0x0000000745c00000, 0x0000000745c00000| Complete 
|  31|0x0000000745e00000, 0x0000000746000000, 0x0000000746000000|100%| E|CS|TAMS 0x0000000745e00000, 0x0000000745e00000| Complete 
|  87|0x000000074ce00000, 0x000000074d000000, 0x000000074d000000|100%| E|CS|TAMS 0x000000074ce00000, 0x000000074ce00000| Complete 
|  94|0x000000074dc00000, 0x000000074de00000, 0x000000074de00000|100%| E|CS|TAMS 0x000000074dc00000, 0x000000074dc00000| Complete 

Card table byte_map: [0x00000224741c0000,0x00000224747b0000] _byte_map_base: 0x00000224707b0000

Marking Bits (Prev, Next): (CMBitMap*) 0x000002246d4b6100, (CMBitMap*) 0x000002246d4b6140
 Prev Bits: [0x0000022474da0000, 0x0000022477d20000)
 Next Bits: [0x0000022477d20000, 0x000002247aca0000)

Polling page: 0x000002246b390000

Metaspace:

Usage:
  Non-class:     47.15 MB used.
      Class:      7.30 MB used.
       Both:     54.45 MB used.

Virtual space:
  Non-class space:       64.00 MB reserved,      47.38 MB ( 74%) committed,  1 nodes.
      Class space:        1.00 GB reserved,       7.50 MB ( <1%) committed,  1 nodes.
             Both:        1.06 GB reserved,      54.88 MB (  5%) committed. 

Chunk freelists:
   Non-Class:  432.00 KB
       Class:  8.38 MB
        Both:  8.80 MB

MaxMetaspaceSize: unlimited
CompressedClassSpaceSize: 1.00 GB
Initial GC threshold: 21.00 MB
Current GC threshold: 59.50 MB
CDS: off
MetaspaceReclaimPolicy: balanced
 - commit_granule_bytes: 65536.
 - commit_granule_words: 8192.
 - virtual_space_node_default_size: 8388608.
 - enlarge_chunks_in_place: 1.
 - new_chunks_are_fully_committed: 0.
 - uncommit_free_chunks: 1.
 - use_allocation_guard: 0.
 - handle_deallocations: 1.


Internal statistics:

num_allocs_failed_limit: 6.
num_arena_births: 592.
num_arena_deaths: 0.
num_vsnodes_births: 2.
num_vsnodes_deaths: 0.
num_space_committed: 878.
num_space_uncommitted: 0.
num_chunks_returned_to_freelist: 6.
num_chunks_taken_from_freelist: 2199.
num_chunk_merges: 6.
num_chunk_splits: 1609.
num_chunks_enlarged: 1272.
num_inconsistent_stats: 0.

CodeCache: size=49152Kb used=9437Kb max_used=9437Kb free=39714Kb
 bounds [0x0000022470bd0000, 0x0000022471510000, 0x0000022473bd0000]
 total_blobs=5083 nmethods=4509 adapters=499
 compilation: enabled
              stopped_count=0, restarted_count=0
 full_count=0

Compilation events (20 events):
Event: 11.490 Thread 0x000002247d1e19c0 4500       1       org.hibernate.annotations.common.reflection.java.JavaXClass::toClass (5 bytes)
Event: 11.490 Thread 0x000002247d264f40 4501       1       org.hibernate.annotations.common.reflection.java.JavaXAnnotatedElement::toAnnotatedElement (5 bytes)
Event: 11.490 Thread 0x000002247cfa97f0 4502       1       org.hibernate.annotations.common.reflection.java.JavaXAnnotatedElement::equals (26 bytes)
Event: 11.490 Thread 0x000002247d1e19c0 nmethod 4500 0x0000022471503510 code [0x00000224715036a0, 0x0000022471503778]
Event: 11.490 Thread 0x000002247d264f40 nmethod 4501 0x0000022471503810 code [0x00000224715039a0, 0x0000022471503a78]
Event: 11.490 Thread 0x000002247d1e19c0 4503       1       org.hibernate.annotations.common.reflection.java.generics.TypeSwitch::<init> (5 bytes)
Event: 11.490 Thread 0x000002247d264f40 4504       1       org.hibernate.annotations.common.reflection.java.generics.TypeSwitch::doSwitch (86 bytes)
Event: 11.490 Thread 0x000002247d1e19c0 nmethod 4503 0x0000022471503b10 code [0x0000022471503ca0, 0x0000022471503d58]
Event: 11.490 Thread 0x000002247d1e19c0 4505       1       org.hibernate.annotations.common.reflection.java.JavaXAnnotatedElement::getFactory (5 bytes)
Event: 11.491 Thread 0x000002247d1e19c0 nmethod 4505 0x0000022471503e10 code [0x0000022471503fa0, 0x0000022471504078]
Event: 11.491 Thread 0x000002247d264f40 nmethod 4504 0x0000022471504110 code [0x0000022471504360, 0x0000022471504ab8]
Event: 11.491 Thread 0x000002247cfa97f0 nmethod 4502 0x0000022471504d10 code [0x0000022471504ec0, 0x0000022471505068]
Event: 11.494 Thread 0x000002247d1e19c0 4506       1       org.hibernate.annotations.common.reflection.java.generics.TypeEnvironmentFactory::getEnvironment (13 bytes)
Event: 11.494 Thread 0x000002247cfa97f0 4507       1       org.hibernate.annotations.common.reflection.java.generics.CompoundTypeEnvironment::create (28 bytes)
Event: 11.494 Thread 0x000002247d1e19c0 nmethod 4506 0x0000022471505190 code [0x0000022471505340, 0x00000224715054e8]
Event: 11.495 Thread 0x000002247cfa97f0 nmethod 4507 0x0000022471505590 code [0x0000022471505760, 0x0000022471505a38]
Event: 11.537 Thread 0x000002247cfa97f0 4508       1       java.util.stream.StreamSpliterators$WrappingSpliterator::tryAdvance (36 bytes)
Event: 11.537 Thread 0x000002247d1e19c0 4509       1       java.util.stream.StreamSpliterators$AbstractWrappingSpliterator::doAdvance (106 bytes)
Event: 11.538 Thread 0x000002247cfa97f0 nmethod 4508 0x0000022471506710 code [0x00000224715068e0, 0x0000022471506b18]
Event: 11.539 Thread 0x000002247d1e19c0 nmethod 4509 0x0000022471506c90 code [0x0000022471506ea0, 0x00000224715072c8]

GC Heap History (20 events):
Event: 4.312 GC heap before
{Heap before GC invocations=6 (full 0):
 garbage-first heap   total 49152K, used 13327K [0x0000000742000000, 0x0000000800000000)
  region size 2048K, 3 young (6144K), 2 survivors (4096K)
 Metaspace       used 26779K, committed 27072K, reserved 1114112K
  class space    used 3363K, committed 3520K, reserved 1048576K
}
Event: 4.320 GC heap after
{Heap after GC invocations=7 (full 0):
 garbage-first heap   total 49152K, used 11488K [0x0000000742000000, 0x0000000800000000)
  region size 2048K, 1 young (2048K), 1 survivors (2048K)
 Metaspace       used 26779K, committed 27072K, reserved 1114112K
  class space    used 3363K, committed 3520K, reserved 1048576K
}
Event: 4.879 GC heap before
{Heap before GC invocations=7 (full 0):
 garbage-first heap   total 49152K, used 27872K [0x0000000742000000, 0x0000000800000000)
  region size 2048K, 10 young (20480K), 1 survivors (2048K)
 Metaspace       used 29850K, committed 30144K, reserved 1114112K
  class space    used 3710K, committed 3840K, reserved 1048576K
}
Event: 4.884 GC heap after
{Heap after GC invocations=8 (full 0):
 garbage-first heap   total 49152K, used 12773K [0x0000000742000000, 0x0000000800000000)
  region size 2048K, 1 young (2048K), 1 survivors (2048K)
 Metaspace       used 29850K, committed 30144K, reserved 1114112K
  class space    used 3710K, committed 3840K, reserved 1048576K
}
Event: 5.874 GC heap before
{Heap before GC invocations=8 (full 0):
 garbage-first heap   total 49152K, used 29157K [0x0000000742000000, 0x0000000800000000)
  region size 2048K, 10 young (20480K), 1 survivors (2048K)
 Metaspace       used 32441K, committed 32704K, reserved 1114112K
  class space    used 4091K, committed 4224K, reserved 1048576K
}
Event: 5.880 GC heap after
{Heap after GC invocations=9 (full 0):
 garbage-first heap   total 49152K, used 14656K [0x0000000742000000, 0x0000000800000000)
  region size 2048K, 2 young (4096K), 2 survivors (4096K)
 Metaspace       used 32441K, committed 32704K, reserved 1114112K
  class space    used 4091K, committed 4224K, reserved 1048576K
}
Event: 6.677 GC heap before
{Heap before GC invocations=9 (full 0):
 garbage-first heap   total 49152K, used 31040K [0x0000000742000000, 0x0000000800000000)
  region size 2048K, 11 young (22528K), 2 survivors (4096K)
 Metaspace       used 33744K, committed 34112K, reserved 1114112K
  class space    used 4298K, committed 4480K, reserved 1048576K
}
Event: 6.685 GC heap after
{Heap after GC invocations=10 (full 0):
 garbage-first heap   total 49152K, used 15916K [0x0000000742000000, 0x0000000800000000)
  region size 2048K, 2 young (4096K), 2 survivors (4096K)
 Metaspace       used 33744K, committed 34112K, reserved 1114112K
  class space    used 4298K, committed 4480K, reserved 1048576K
}
Event: 7.295 GC heap before
{Heap before GC invocations=10 (full 0):
 garbage-first heap   total 49152K, used 32300K [0x0000000742000000, 0x0000000800000000)
  region size 2048K, 10 young (20480K), 2 survivors (4096K)
 Metaspace       used 35758K, committed 36096K, reserved 1114112K
  class space    used 4575K, committed 4736K, reserved 1048576K
}
Event: 7.302 GC heap after
{Heap after GC invocations=11 (full 0):
 garbage-first heap   total 49152K, used 17095K [0x0000000742000000, 0x0000000800000000)
  region size 2048K, 2 young (4096K), 2 survivors (4096K)
 Metaspace       used 35758K, committed 36096K, reserved 1114112K
  class space    used 4575K, committed 4736K, reserved 1048576K
}
Event: 7.399 GC heap before
{Heap before GC invocations=11 (full 0):
 garbage-first heap   total 49152K, used 19143K [0x0000000742000000, 0x0000000800000000)
  region size 2048K, 4 young (8192K), 2 survivors (4096K)
 Metaspace       used 35936K, committed 36288K, reserved 1114112K
  class space    used 4604K, committed 4736K, reserved 1048576K
}
Event: 7.405 GC heap after
{Heap after GC invocations=12 (full 0):
 garbage-first heap   total 79872K, used 17572K [0x0000000742000000, 0x0000000800000000)
  region size 2048K, 1 young (2048K), 1 survivors (2048K)
 Metaspace       used 35936K, committed 36288K, reserved 1114112K
  class space    used 4604K, committed 4736K, reserved 1048576K
}
Event: 8.730 GC heap before
{Heap before GC invocations=13 (full 0):
 garbage-first heap   total 69632K, used 56484K [0x0000000742000000, 0x0000000800000000)
  region size 2048K, 20 young (40960K), 1 survivors (2048K)
 Metaspace       used 40941K, committed 41344K, reserved 1114112K
  class space    used 5402K, committed 5632K, reserved 1048576K
}
Event: 8.739 GC heap after
{Heap after GC invocations=14 (full 0):
 garbage-first heap   total 69632K, used 20749K [0x0000000742000000, 0x0000000800000000)
  region size 2048K, 3 young (6144K), 3 survivors (6144K)
 Metaspace       used 40941K, committed 41344K, reserved 1114112K
  class space    used 5402K, committed 5632K, reserved 1048576K
}
Event: 8.831 GC heap before
{Heap before GC invocations=14 (full 0):
 garbage-first heap   total 69632K, used 22797K [0x0000000742000000, 0x0000000800000000)
  region size 2048K, 4 young (8192K), 3 survivors (6144K)
 Metaspace       used 41415K, committed 41792K, reserved 1114112K
  class space    used 5455K, committed 5632K, reserved 1048576K
}
Event: 8.841 GC heap after
{Heap after GC invocations=15 (full 0):
 garbage-first heap   total 69632K, used 21060K [0x0000000742000000, 0x0000000800000000)
  region size 2048K, 1 young (2048K), 1 survivors (2048K)
 Metaspace       used 41415K, committed 41792K, reserved 1114112K
  class space    used 5455K, committed 5632K, reserved 1048576K
}
Event: 9.743 GC heap before
{Heap before GC invocations=15 (full 0):
 garbage-first heap   total 69632K, used 49732K [0x0000000742000000, 0x0000000800000000)
  region size 2048K, 15 young (30720K), 1 survivors (2048K)
 Metaspace       used 45122K, committed 45504K, reserved 1114112K
  class space    used 5916K, committed 6080K, reserved 1048576K
}
Event: 9.749 GC heap after
{Heap after GC invocations=16 (full 0):
 garbage-first heap   total 69632K, used 22780K [0x0000000742000000, 0x0000000800000000)
  region size 2048K, 2 young (4096K), 2 survivors (4096K)
 Metaspace       used 45122K, committed 45504K, reserved 1114112K
  class space    used 5916K, committed 6080K, reserved 1048576K
}
Event: 10.807 GC heap before
{Heap before GC invocations=16 (full 0):
 garbage-first heap   total 69632K, used 47356K [0x0000000742000000, 0x0000000800000000)
  region size 2048K, 15 young (30720K), 2 survivors (4096K)
 Metaspace       used 52079K, committed 52544K, reserved 1114112K
  class space    used 6844K, committed 7104K, reserved 1048576K
}
Event: 10.815 GC heap after
{Heap after GC invocations=17 (full 0):
 garbage-first heap   total 69632K, used 25276K [0x0000000742000000, 0x0000000800000000)
  region size 2048K, 2 young (4096K), 2 survivors (4096K)
 Metaspace       used 52079K, committed 52544K, reserved 1114112K
  class space    used 6844K, committed 7104K, reserved 1048576K
}

Dll operation events (3 events):
Event: 0.017 Loaded shared library C:\Program Files\JetBrains\IntelliJ IDEA 2023.2\jbr\bin\java.dll
Event: 0.548 Loaded shared library C:\Program Files\JetBrains\IntelliJ IDEA 2023.2\jbr\bin\zip.dll
Event: 10.668 Loaded shared library C:\Program Files\JetBrains\IntelliJ IDEA 2023.2\jbr\bin\verify.dll

Deoptimization events (4 events):
Event: 10.084 Thread 0x000002247e3317b0 DEOPT PACKING pc=0x00000224710f0289 sp=0x000000a589ffc490
Event: 10.084 Thread 0x000002247e3317b0 DEOPT UNPACKING pc=0x0000022470c27143 sp=0x000000a589ffb920 mode 3
Event: 10.084 Thread 0x000002247f0e5f00 DEOPT PACKING pc=0x000002247109651f sp=0x000000a58a5ff340
Event: 10.084 Thread 0x000002247f0e5f00 DEOPT UNPACKING pc=0x0000022470c27143 sp=0x000000a58a5fe798 mode 3

Classes unloaded (0 events):
No events

Classes redefined (0 events):
No events

Internal exceptions (20 events):
Event: 8.468 Thread 0x000002247e3317b0 Exception <a 'java/lang/NoSuchMethodError'{0x00000007442e1a48}: 'void java.lang.invoke.DirectMethodHandle$Holder.invokeInterface(java.lang.Object, java.lang.Object, int)'> (0x00000007442e1a48) 
thrown [s\src\hotspot\share\interpreter\linkResolver.cpp, line 771]
Event: 8.475 Thread 0x000002247e3317b0 Exception <a 'java/lang/IncompatibleClassChangeError'{0x0000000744331820}: Found class java.lang.Object, but interface was expected> (0x0000000744331820) 
thrown [s\src\hotspot\share\interpreter\linkResolver.cpp, line 838]
Event: 8.477 Thread 0x000002247e3317b0 Exception <a 'java/lang/NoSuchMethodError'{0x000000074434a300}: 'void java.lang.invoke.DirectMethodHandle$Holder.invokeStatic(java.lang.Object, int, java.lang.Object)'> (0x000000074434a300) 
thrown [s\src\hotspot\share\interpreter\linkResolver.cpp, line 771]
Event: 8.484 Thread 0x000002247e3317b0 Exception <a 'java/lang/NoSuchMethodError'{0x00000007443863a8}: 'void java.lang.invoke.DirectMethodHandle$Holder.invokeVirtual(java.lang.Object, java.lang.Object, int)'> (0x00000007443863a8) 
thrown [s\src\hotspot\share\interpreter\linkResolver.cpp, line 771]
Event: 8.485 Thread 0x000002247e3317b0 Exception <a 'java/lang/NoSuchMethodError'{0x000000074438c560}: 'void java.lang.invoke.DirectMethodHandle$Holder.invokeStatic(java.lang.Object, java.lang.Object, java.lang.Object, int, java.lang.Object)'> (0x000000074438c560) 
thrown [s\src\hotspot\share\interpreter\linkResolver.cpp, line 771]
Event: 8.486 Thread 0x000002247e3317b0 Exception <a 'java/lang/NoSuchMethodError'{0x00000007443939e0}: 'java.lang.Object java.lang.invoke.DirectMethodHandle$Holder.newInvokeSpecial(java.lang.Object, java.lang.Object, java.lang.Object, int)'> (0x00000007443939e0) 
thrown [s\src\hotspot\share\interpreter\linkResolver.cpp, line 771]
Event: 8.487 Thread 0x000002247e3317b0 Exception <a 'java/lang/NoSuchMethodError'{0x0000000744397cc8}: 'java.lang.Object java.lang.invoke.DirectMethodHandle$Holder.invokeSpecial(java.lang.Object, java.lang.Object, java.lang.Object, java.lang.Object, int)'> (0x0000000744397cc8) 
thrown [s\src\hotspot\share\interpreter\linkResolver.cpp, line 771]
Event: 8.488 Thread 0x000002247e3317b0 Exception <a 'java/lang/NoSuchMethodError'{0x000000074439b890}: 'java.lang.Object java.lang.invoke.Invokers$Holder.linkToTargetMethod(java.lang.Object, java.lang.Object, int, java.lang.Object)'> (0x000000074439b890) 
thrown [s\src\hotspot\share\interpreter\linkResolver.cpp, line 771]
Event: 9.055 Thread 0x000002247e3317b0 Exception <a 'sun/nio/fs/WindowsException'{0x0000000745d88010}> (0x0000000745d88010) 
thrown [s\src\hotspot\share\prims\jni.cpp, line 517]
Event: 9.057 Thread 0x000002247e3317b0 Exception <a 'sun/nio/fs/WindowsException'{0x0000000745d8da08}> (0x0000000745d8da08) 
thrown [s\src\hotspot\share\prims\jni.cpp, line 517]
Event: 9.057 Thread 0x000002247e3317b0 Exception <a 'sun/nio/fs/WindowsException'{0x0000000745d8e0e0}> (0x0000000745d8e0e0) 
thrown [s\src\hotspot\share\prims\jni.cpp, line 517]
Event: 9.105 Thread 0x000002247e3317b0 Exception <a 'java/lang/NoSuchMethodError'{0x0000000745ac25c8}: 'java.lang.Object java.lang.invoke.DirectMethodHandle$Holder.invokeSpecial(java.lang.Object, java.lang.Object, long, java.lang.Object, java.lang.Object, java.lang.Object, java.lang.Object, java.lang.Object, java.lang.Object)'> (0x0000000745ac25c8) 
thrown [s\src\hotspot\share\interpreter\linkResolver.cpp, line 771]
Event: 9.105 Thread 0x000002247e3317b0 Exception <a 'java/lang/NoSuchMethodError'{0x0000000745ac70f0}: 'java.lang.Object java.lang.invoke.DelegatingMethodHandle$Holder.reinvoke_L(java.lang.Object, long, java.lang.Object, java.lang.Object, java.lang.Object, java.lang.Object, java.lang.Object, java.lang.Object)'> (0x0000000745ac70f0) 
thrown [s\src\hotspot\share\interpreter\linkResolver.cpp, line 771]
Event: 9.172 Thread 0x000002247e3317b0 Exception <a 'java/io/FileNotFoundException'{0x000000074581d608}> (0x000000074581d608) 
thrown [s\src\hotspot\share\prims\jni.cpp, line 517]
Event: 9.215 Thread 0x000002247e3317b0 Exception <a 'java/lang/NoSuchMethodError'{0x00000007459a70c8}: 'int java.lang.invoke.DirectMethodHandle$Holder.invokeInterface(java.lang.Object, java.lang.Object, java.lang.Object, java.lang.Object)'> (0x00000007459a70c8) 
thrown [s\src\hotspot\share\interpreter\linkResolver.cpp, line 771]
Event: 9.304 Thread 0x000002247e3317b0 Exception <a 'java/lang/NoSuchMethodError'{0x0000000745446500}: 'long java.lang.invoke.DirectMethodHandle$Holder.invokeVirtual(java.lang.Object, java.lang.Object)'> (0x0000000745446500) 
thrown [s\src\hotspot\share\interpreter\linkResolver.cpp, line 771]
Event: 9.312 Thread 0x000002247e3317b0 Exception <a 'java/io/FileNotFoundException'{0x0000000745476ee0}> (0x0000000745476ee0) 
thrown [s\src\hotspot\share\prims\jni.cpp, line 517]
Event: 9.535 Thread 0x000002247e3317b0 Exception <a 'sun/nio/fs/WindowsException'{0x0000000744c16928}> (0x0000000744c16928) 
thrown [s\src\hotspot\share\prims\jni.cpp, line 517]
Event: 10.105 Thread 0x000002247e3317b0 Exception <a 'java/lang/NoSuchMethodError'{0x0000000745a3f910}: 'java.lang.Object java.lang.invoke.DirectMethodHandle$Holder.invokeStaticInit(java.lang.Object, java.lang.Object, java.lang.Object, java.lang.Object)'> (0x0000000745a3f910) 
thrown [s\src\hotspot\share\interpreter\linkResolver.cpp, line 771]
Event: 11.077 Thread 0x000002247e3317b0 Exception <a 'java/lang/NoSuchMethodError'{0x0000000745c1f3a8}: 'int java.lang.invoke.DirectMethodHandle$Holder.invokeStatic(java.lang.Object)'> (0x0000000745c1f3a8) 
thrown [s\src\hotspot\share\interpreter\linkResolver.cpp, line 771]

VM Operations (20 events):
Event: 8.895 Executing VM operation: HandshakeAllThreads
Event: 8.895 Executing VM operation: HandshakeAllThreads done
Event: 8.960 Executing VM operation: HandshakeAllThreads
Event: 8.960 Executing VM operation: HandshakeAllThreads done
Event: 9.128 Executing VM operation: HandshakeAllThreads
Event: 9.128 Executing VM operation: HandshakeAllThreads done
Event: 9.249 Executing VM operation: HandshakeAllThreads
Event: 9.249 Executing VM operation: HandshakeAllThreads done
Event: 9.249 Executing VM operation: HandshakeAllThreads
Event: 9.249 Executing VM operation: HandshakeAllThreads done
Event: 9.317 Executing VM operation: HandshakeAllThreads
Event: 9.317 Executing VM operation: HandshakeAllThreads done
Event: 9.395 Executing VM operation: HandshakeAllThreads
Event: 9.395 Executing VM operation: HandshakeAllThreads done
Event: 9.743 Executing VM operation: G1CollectForAllocation
Event: 9.749 Executing VM operation: G1CollectForAllocation done
Event: 10.759 Executing VM operation: Cleanup
Event: 10.759 Executing VM operation: Cleanup done
Event: 10.807 Executing VM operation: G1CollectForAllocation
Event: 10.815 Executing VM operation: G1CollectForAllocation done

Events (20 events):
Event: 10.685 loading class java/lang/Process
Event: 10.685 loading class java/lang/Process done
Event: 10.710 loading class java/lang/reflect/GenericSignatureFormatError
Event: 10.710 loading class java/lang/reflect/GenericSignatureFormatError done
Event: 10.791 loading class java/io/Console
Event: 10.793 loading class java/io/Console done
Event: 11.060 loading class javax/naming/InvalidNameException
Event: 11.060 loading class javax/naming/InvalidNameException done
Event: 11.060 loading class javax/naming/event/NamingListener
Event: 11.060 loading class javax/naming/event/NamingListener done
Event: 11.061 loading class javax/naming/event/NamespaceChangeListener
Event: 11.061 loading class javax/naming/event/NamespaceChangeListener done
Event: 11.109 loading class java/util/TimerTask
Event: 11.110 loading class java/util/TimerTask done
Event: 11.252 loading class java/io/CharArrayWriter
Event: 11.253 loading class java/io/CharArrayWriter done
Event: 11.253 loading class java/lang/StringIndexOutOfBoundsException
Event: 11.253 loading class java/lang/StringIndexOutOfBoundsException done
Event: 11.275 loading class jdk/internal/reflect/UnsafeQualifiedStaticIntegerFieldAccessorImpl
Event: 11.275 loading class jdk/internal/reflect/UnsafeQualifiedStaticIntegerFieldAccessorImpl done


Dynamic libraries:
0x00007ff78fd10000 - 0x00007ff78fd1a000 	C:\Program Files\JetBrains\IntelliJ IDEA 2023.2\jbr\bin\java.exe
0x00007ffd50450000 - 0x00007ffd50648000 	C:\Windows\SYSTEM32\ntdll.dll
0x00007ffd4fd40000 - 0x00007ffd4fdfd000 	C:\Windows\System32\KERNEL32.DLL
0x00007ffd4dba0000 - 0x00007ffd4de96000 	C:\Windows\System32\KERNELBASE.dll
0x00007ffd4e390000 - 0x00007ffd4e490000 	C:\Windows\System32\ucrtbase.dll
0x00007ffd339c0000 - 0x00007ffd339d7000 	C:\Program Files\JetBrains\IntelliJ IDEA 2023.2\jbr\bin\jli.dll
0x00007ffd4e810000 - 0x00007ffd4e9af000 	C:\Windows\System32\USER32.dll
0x00007ffd4e010000 - 0x00007ffd4e032000 	C:\Windows\System32\win32u.dll
0x00007ffd4fc60000 - 0x00007ffd4fc8b000 	C:\Windows\System32\GDI32.dll
0x00007ffd4def0000 - 0x00007ffd4e007000 	C:\Windows\System32\gdi32full.dll
0x00007ffd4e250000 - 0x00007ffd4e2ed000 	C:\Windows\System32\msvcp_win.dll
0x00007ffd48680000 - 0x00007ffd4869b000 	C:\Program Files\JetBrains\IntelliJ IDEA 2023.2\jbr\bin\VCRUNTIME140.dll
0x00007ffd33b30000 - 0x00007ffd33dca000 	C:\Windows\WinSxS\amd64_microsoft.windows.common-controls_6595b64144ccf1df_6.0.19041.4355_none_60b8b9eb71f62e16\COMCTL32.dll
0x00007ffd4f990000 - 0x00007ffd4fa2e000 	C:\Windows\System32\msvcrt.dll
0x00007ffd4fc90000 - 0x00007ffd4fcbf000 	C:\Windows\System32\IMM32.DLL
0x00007ffd48670000 - 0x00007ffd4867c000 	C:\Program Files\JetBrains\IntelliJ IDEA 2023.2\jbr\bin\vcruntime140_1.dll
0x00007ffd349d0000 - 0x00007ffd34a5d000 	C:\Program Files\JetBrains\IntelliJ IDEA 2023.2\jbr\bin\msvcp140.dll
0x00007ffd05270000 - 0x00007ffd05ef3000 	C:\Program Files\JetBrains\IntelliJ IDEA 2023.2\jbr\bin\server\jvm.dll
0x00007ffd4f730000 - 0x00007ffd4f7e0000 	C:\Windows\System32\ADVAPI32.dll
0x00007ffd4fbc0000 - 0x00007ffd4fc60000 	C:\Windows\System32\sechost.dll
0x00007ffd4fa30000 - 0x00007ffd4fb53000 	C:\Windows\System32\RPCRT4.dll
0x00007ffd4e2f0000 - 0x00007ffd4e317000 	C:\Windows\System32\bcrypt.dll
0x00007ffd4d960000 - 0x00007ffd4d9ab000 	C:\Windows\SYSTEM32\POWRPROF.dll
0x00007ffd48600000 - 0x00007ffd48609000 	C:\Windows\SYSTEM32\WSOCK32.dll
0x00007ffd4eae0000 - 0x00007ffd4eb4b000 	C:\Windows\System32\WS2_32.dll
0x00007ffd2cc50000 - 0x00007ffd2cc77000 	C:\Windows\SYSTEM32\WINMM.dll
0x00007ffd477a0000 - 0x00007ffd477aa000 	C:\Windows\SYSTEM32\VERSION.dll
0x00007ffd4d940000 - 0x00007ffd4d952000 	C:\Windows\SYSTEM32\UMPDC.dll
0x00007ffd4b8b0000 - 0x00007ffd4b8c2000 	C:\Windows\SYSTEM32\kernel.appcore.dll
0x00007ffd46730000 - 0x00007ffd4673a000 	C:\Program Files\JetBrains\IntelliJ IDEA 2023.2\jbr\bin\jimage.dll
0x00007ffd45300000 - 0x00007ffd454e4000 	C:\Windows\SYSTEM32\DBGHELP.DLL
0x00007ffd45860000 - 0x00007ffd45894000 	C:\Windows\SYSTEM32\dbgcore.DLL
0x00007ffd4db10000 - 0x00007ffd4db92000 	C:\Windows\System32\bcryptPrimitives.dll
0x00007ffd458c0000 - 0x00007ffd458ce000 	C:\Program Files\JetBrains\IntelliJ IDEA 2023.2\jbr\bin\instrument.dll
0x00007ffd44400000 - 0x00007ffd44425000 	C:\Program Files\JetBrains\IntelliJ IDEA 2023.2\jbr\bin\java.dll
0x00007ffd43e50000 - 0x00007ffd43e68000 	C:\Program Files\JetBrains\IntelliJ IDEA 2023.2\jbr\bin\zip.dll
0x00007ffd4eb50000 - 0x00007ffd4f2bc000 	C:\Windows\System32\SHELL32.dll
0x00007ffd4bb90000 - 0x00007ffd4c32d000 	C:\Windows\SYSTEM32\windows.storage.dll
0x00007ffd4feb0000 - 0x00007ffd50203000 	C:\Windows\System32\combase.dll
0x00007ffd4d460000 - 0x00007ffd4d48e000 	C:\Windows\SYSTEM32\Wldp.dll
0x00007ffd50340000 - 0x00007ffd5040d000 	C:\Windows\System32\OLEAUT32.dll
0x00007ffd50280000 - 0x00007ffd5032d000 	C:\Windows\System32\SHCORE.dll
0x00007ffd4fb60000 - 0x00007ffd4fbb5000 	C:\Windows\System32\shlwapi.dll
0x00007ffd4da40000 - 0x00007ffd4da64000 	C:\Windows\SYSTEM32\profapi.dll
0x00007ffd344a0000 - 0x00007ffd344b9000 	C:\Program Files\JetBrains\IntelliJ IDEA 2023.2\jbr\bin\net.dll
0x00007ffd44760000 - 0x00007ffd4486a000 	C:\Windows\SYSTEM32\WINHTTP.dll
0x00007ffd4d1c0000 - 0x00007ffd4d22a000 	C:\Windows\system32\mswsock.dll
0x00007ffd34150000 - 0x00007ffd34166000 	C:\Program Files\JetBrains\IntelliJ IDEA 2023.2\jbr\bin\nio.dll
0x00007ffd48650000 - 0x00007ffd4866a000 	C:\Program Files\JetBrains\IntelliJ IDEA 2023.2\bin\breakgen64.dll
0x00007ffd4cee0000 - 0x00007ffd4cfaa000 	C:\Windows\SYSTEM32\DNSAPI.dll
0x00007ffd4cea0000 - 0x00007ffd4cedb000 	C:\Windows\SYSTEM32\IPHLPAPI.DLL
0x00007ffd4e770000 - 0x00007ffd4e778000 	C:\Windows\System32\NSI.dll
0x00007ffd45850000 - 0x00007ffd4585a000 	C:\Windows\System32\rasadhlp.dll
0x00007ffd433c0000 - 0x00007ffd43440000 	C:\Windows\System32\fwpuclnt.dll
0x00007ffd35650000 - 0x00007ffd35659000 	C:\Program Files\JetBrains\IntelliJ IDEA 2023.2\jbr\bin\extnet.dll
0x00007ffd458e0000 - 0x00007ffd458e9000 	C:\Program Files\JetBrains\IntelliJ IDEA 2023.2\jbr\bin\management.dll
0x00007ffd458d0000 - 0x00007ffd458db000 	C:\Program Files\JetBrains\IntelliJ IDEA 2023.2\jbr\bin\management_ext.dll
0x00007ffd50330000 - 0x00007ffd50338000 	C:\Windows\System32\PSAPI.DLL
0x00007ffd4d3b0000 - 0x00007ffd4d3c8000 	C:\Windows\SYSTEM32\CRYPTSP.dll
0x00007ffd4cae0000 - 0x00007ffd4cb14000 	C:\Windows\system32\rsaenh.dll
0x00007ffd4d9b0000 - 0x00007ffd4d9de000 	C:\Windows\SYSTEM32\USERENV.dll
0x00007ffd4d3d0000 - 0x00007ffd4d3dc000 	C:\Windows\SYSTEM32\CRYPTBASE.dll
0x00007ffd47260000 - 0x00007ffd47277000 	C:\Windows\SYSTEM32\dhcpcsvc6.DLL
0x00007ffd47240000 - 0x00007ffd4725d000 	C:\Windows\SYSTEM32\dhcpcsvc.DLL
0x00007ffd2d490000 - 0x00007ffd2d4a7000 	C:\Windows\system32\napinsp.dll
0x00007ffd2cf10000 - 0x00007ffd2cf2b000 	C:\Windows\system32\pnrpnsp.dll
0x00007ffd4a110000 - 0x00007ffd4a125000 	C:\Windows\system32\wshbth.dll
0x00007ffd47c90000 - 0x00007ffd47cad000 	C:\Windows\system32\NLAapi.dll
0x00007ffd2cef0000 - 0x00007ffd2cf02000 	C:\Windows\System32\winrnr.dll
0x00007ffd465e0000 - 0x00007ffd465ee000 	C:\Program Files\JetBrains\IntelliJ IDEA 2023.2\jbr\bin\sunmscapi.dll
0x00007ffd4e0f0000 - 0x00007ffd4e24e000 	C:\Windows\System32\CRYPT32.dll
0x00007ffd4d4d0000 - 0x00007ffd4d4f9000 	C:\Windows\SYSTEM32\ncrypt.dll
0x00007ffd4d490000 - 0x00007ffd4d4cb000 	C:\Windows\SYSTEM32\NTASN1.dll
0x00007ffd46720000 - 0x00007ffd46730000 	C:\Program Files\JetBrains\IntelliJ IDEA 2023.2\jbr\bin\verify.dll

dbghelp: loaded successfully - version: 4.0.5 - missing functions: none
symbol engine: initialized successfully - sym options: 0x614 - pdb path: .;C:\Program Files\JetBrains\IntelliJ IDEA 2023.2\jbr\bin;C:\Windows\SYSTEM32;C:\Windows\WinSxS\amd64_microsoft.windows.common-controls_6595b64144ccf1df_6.0.19041.4355_none_60b8b9eb71f62e16;C:\Program Files\JetBrains\IntelliJ IDEA 2023.2\jbr\bin\server;C:\Program Files\JetBrains\IntelliJ IDEA 2023.2\bin

VM Arguments:
jvm_args: -XX:TieredStopAtLevel=1 -Dspring.output.ansi.enabled=always -Dcom.sun.management.jmxremote -Dspring.jmx.enabled=true -Dspring.liveBeansView.mbeanDomain -Dspring.application.admin.enabled=true -Dmanagement.endpoints.jmx.exposure.include=* -javaagent:C:\Program Files\JetBrains\IntelliJ IDEA 2023.2\lib\idea_rt.jar=6922:C:\Program Files\JetBrains\IntelliJ IDEA 2023.2\bin -Dfile.encoding=UTF-8 
java_command: com.universityofruhuna.mmSystem.MmSystemApplication
java_class_path (initial): E:\Ruhuna\Level 03\Semester 01\Group Project\Repositories\Backend Repository\mmSystem\target\classes;C:\Users\lakin\.m2\repository\org\springframework\boot\spring-boot-starter-data-jpa\3.2.2\spring-boot-starter-data-jpa-3.2.2.jar;C:\Users\lakin\.m2\repository\org\springframework\boot\spring-boot-starter-aop\3.2.2\spring-boot-starter-aop-3.2.2.jar;C:\Users\lakin\.m2\repository\org\springframework\spring-aop\6.1.3\spring-aop-6.1.3.jar;C:\Users\lakin\.m2\repository\org\aspectj\aspectjweaver\1.9.21\aspectjweaver-1.9.21.jar;C:\Users\lakin\.m2\repository\org\springframework\boot\spring-boot-starter-jdbc\3.2.2\spring-boot-starter-jdbc-3.2.2.jar;C:\Users\lakin\.m2\repository\com\zaxxer\HikariCP\5.0.1\HikariCP-5.0.1.jar;C:\Users\lakin\.m2\repository\org\springframework\spring-jdbc\6.1.3\spring-jdbc-6.1.3.jar;C:\Users\lakin\.m2\repository\org\hibernate\orm\hibernate-core\6.4.1.Final\hibernate-core-6.4.1.Final.jar;C:\Users\lakin\.m2\repository\jakarta\persistence\jakarta.persistence-api\3.1.0\jakarta.persistence-api-3.1.0.jar;C:\Users\lakin\.m2\repository\jakarta\transaction\jakarta.transaction-api\2.0.1\jakarta.transaction-api-2.0.1.jar;C:\Users\lakin\.m2\repository\org\jboss\logging\jboss-logging\3.5.3.Final\jboss-logging-3.5.3.Final.jar;C:\Users\lakin\.m2\repository\org\hibernate\common\hibernate-commons-annotations\6.0.6.Final\hibernate-commons-annotations-6.0.6.Final.jar;C:\Users\lakin\.m2\repository\io\smallrye\jandex\3.1.2\jandex-3.1.2.jar;C:\Users\lakin\.m2\repository\com\fasterxml\classmate\1.6.0\classmate-1.6.0.jar;C:\Users\lakin\.m2\repository\net\bytebuddy\byte-buddy\1.14.11\byte-buddy-1.14.11.jar;C:\Users\lakin\.m2\repository\org\glassfish\jaxb\jaxb-runtime\4.0.4\jaxb-runtime-4.0.4.jar;C:\Users\lakin\.m2\repository\org\glassfish\jaxb\jaxb-core\4.0.4\jaxb-core-4.0.4.jar;C:\Users\lakin\.m2\repository\org\eclipse\angus\angus-activation\2.0.1\angus-activation-2.0.1.jar;C:\Users\lakin\.m2\repository\org\glassfish\jaxb\txw2\4.0.4\txw2-4.0.4.
Launcher Type: SUN_STANDARD

[Global flags]
     intx CICompilerCount                          = 3                                         {product} {ergonomic}
     uint ConcGCThreads                            = 1                                         {product} {ergonomic}
     uint G1ConcRefinementThreads                  = 4                                         {product} {ergonomic}
   size_t G1HeapRegionSize                         = 2097152                                   {product} {ergonomic}
    uintx GCDrainStackTargetSize                   = 64                                        {product} {ergonomic}
   size_t InitialHeapSize                          = 199229440                                 {product} {ergonomic}
     bool ManagementServer                         = true                                      {product} {command line}
   size_t MarkStackSize                            = 4194304                                   {product} {ergonomic}
   size_t MaxHeapSize                              = 3187671040                                {product} {ergonomic}
   size_t MaxNewSize                               = 1912602624                                {product} {ergonomic}
   size_t MinHeapDeltaBytes                        = 2097152                                   {product} {ergonomic}
   size_t MinHeapSize                              = 8388608                                   {product} {ergonomic}
    uintx NonProfiledCodeHeapSize                  = 0                                      {pd product} {ergonomic}
     bool ProfileInterpreter                       = false                                  {pd product} {command line}
    uintx ProfiledCodeHeapSize                     = 0                                      {pd product} {ergonomic}
   size_t SoftMaxHeapSize                          = 3187671040                             {manageable} {ergonomic}
     intx TieredStopAtLevel                        = 1                                         {product} {command line}
     bool UseCompressedClassPointers               = true                           {product lp64_product} {ergonomic}
     bool UseCompressedOops                        = true                           {product lp64_product} {ergonomic}
     bool UseG1GC                                  = true                                      {product} {ergonomic}
     bool UseLargePagesIndividualAllocation        = false                                  {pd product} {ergonomic}

Logging:
Log output configuration:
 #0: stdout all=warning uptime,level,tags
 #1: stderr all=off uptime,level,tags

Environment Variables:
JAVA_HOME=C:\Program Files\Java\jdk-21
PATH=C:\Program Files\Common Files\Oracle\Java\javapath;C:\Python312\Scripts\;C:\Python312\;C:\Program Files (x86)\NVIDIA Corporation\PhysX\Common;C:\Windows\system32;C:\Windows;C:\Windows\System32\Wbem;C:\Windows\System32\WindowsPowerShell\v1.0\;C:\Windows\System32\OpenSSH\;C:\Program Files\dotnet\;C:\Program Files\Git\cmd;C:\Program Files\MySQL\MySQL Server 8.0\bin;C:\javafx-sdk-20.0.2\bin;C:\Program Files\apache-maven-3.9.5\bin;C:\flutter\bin;C:\Program Files (x86)\Windows Kits\10\Windows Performance Toolkit\;C:\ProgramData\chocolatey\bin;C:\Users\lakin\Downloads\jdk-21.0.2\bin;C:\Program Files\nodejs\;C:\Users\lakin\.console-ninja\.bin;C:\Program Files\MySQL\MySQL Shell 8.0\bin\;C:\Users\lakin\AppData\Local\Microsoft\WindowsApps;C:\Users\lakin\AppData\Local\GitHubDesktop\bin;C:\Users\lakin\AppData\Local\Programs\Microsoft VS Code\bin;C:\Program Files\JetBrains\IntelliJ IDEA 2023.2\bin;;C:\Users\lakin\AppData\Roaming\npm;C:\Program Files\JetBrains\DataGrip 2024.1.2\bin;
USERNAME=lakin
OS=Windows_NT
PROCESSOR_IDENTIFIER=Intel64 Family 6 Model 142 Stepping 9, GenuineIntel
TMP=C:\Users\lakin\AppData\Local\Temp
TEMP=C:\Users\lakin\AppData\Local\Temp



Periodic native trim disabled

JNI global refs:
JNI global refs: 17, weak refs: 0

JNI global refs memory usage: 843, weak refs: 841

OOME stack traces (most recent first):
Classloader memory used:
Loader jdk.internal.loader.ClassLoaders$AppClassLoader                                 : 4413K
Loader bootstrap                                                                       : 2377K
Loader org.springframework.boot.devtools.restart.classloader.RestartClassLoader        : 96448B
Loader jdk.internal.loader.ClassLoaders$PlatformClassLoader                            : 68468B
Loader jdk.internal.reflect.DelegatingClassLoader                                      : 18343B
Loader net.bytebuddy.utility.dispatcher.JavaDispatcher$DynamicClassLoader              : 231B

Classes loaded by more than one classloader:
Class com.universityofruhuna.mmSystem.MmSystemApplication                             : loaded 2 times (x 70B)


---------------  S Y S T E M  ---------------

OS:
 Windows 10 , 64 bit Build 19041 (10.0.19041.3636)
OS uptime: 1 days 8:12 hours

CPU: total 4 (initial active 4) (2 cores per cpu, 2 threads per core) family 6 model 142 stepping 9 microcode 0xb4, cx8, cmov, fxsr, ht, mmx, 3dnowpref, sse, sse2, sse3, ssse3, sse4.1, sse4.2, popcnt, lzcnt, tsc, tscinvbit, avx, avx2, aes, erms, clmul, bmi1, bmi2, adx, fma, vzeroupper, clflush, clflushopt
Processor Information for all 4 processors :
  Max Mhz: 2400, Current Mhz: 2400, Mhz Limit: 2400

Memory: 4k page, system-wide physical 12156M (1199M free)
TotalPageFile size 15778M (AvailPageFile size 36M)
current process WorkingSet (physical memory assigned to process): 191M, peak: 191M
current process commit charge ("private bytes"): 216M, peak: 288M

vm_info: OpenJDK 64-Bit Server VM (17.0.10+7-b1000.50) for windows-amd64 JRE (17.0.10+7-b1000.50), built on 2024-03-18 by "builduser" with MS VC++ 16.10 / 16.11 (VS2019)

END.
